2020-02-19 15:24:33.022 -03:00 [DEBUG] Activating StoneCode '164185121'.
2020-02-19 15:24:35.527 -03:00 [DEBUG] Activation success status: 'True'.
2020-02-19 15:24:35.527 -03:00 [DEBUG] Trying to connect to the first pinpad in the machine. ConnectionName: '' // EnableWifi: 'False' // MerchantEmail: ''.
2020-02-19 15:24:35.527 -03:00 [DEBUG] Trying to connect to the first pinpad available.
2020-02-19 15:24:35.684 -03:00 [DEBUG] Connection try finished.
2020-02-19 15:24:35.746 -03:00 [DEBUG] Pinpad connected. Initiating ping.
2020-02-19 15:24:35.750 -03:00 [DEBUG] Ping initiated.
2020-02-19 15:26:18.554 -03:00 [DEBUG] Activating StoneCode '164185121'.
2020-02-19 15:26:19.754 -03:00 [DEBUG] Activation success status: 'True'.
2020-02-19 15:26:19.754 -03:00 [DEBUG] Trying to connect to the first pinpad in the machine. ConnectionName: '' // EnableWifi: 'False' // MerchantEmail: ''.
2020-02-19 15:26:19.754 -03:00 [DEBUG] Trying to connect to the first pinpad available.
2020-02-19 15:26:19.874 -03:00 [DEBUG] Connection try finished.
2020-02-19 15:26:19.923 -03:00 [DEBUG] Pinpad connected. Initiating ping.
2020-02-19 15:26:19.925 -03:00 [DEBUG] Ping initiated.
2020-02-19 15:27:37.916 -03:00 [DEBUG] Activating StoneCode '164185121'.
2020-02-19 15:27:38.242 -03:00 [DEBUG] Activation success status: 'True'.
2020-02-19 15:27:38.242 -03:00 [DEBUG] Trying to connect to the first pinpad in the machine. ConnectionName: '' // EnableWifi: 'False' // MerchantEmail: ''.
2020-02-19 15:27:38.242 -03:00 [DEBUG] Trying to connect to the first pinpad available.
2020-02-19 15:27:38.362 -03:00 [DEBUG] Connection try finished.
2020-02-19 15:27:38.411 -03:00 [DEBUG] Pinpad connected. Initiating ping.
2020-02-19 15:27:38.411 -03:00 [DEBUG] Ping initiated.
2020-02-19 15:27:38.433 -03:00 [DEBUG] Initiating 'Authorize' flow.
2020-02-19 15:27:38.433 -03:00 [DEBUG] Initiator Transaction Key: '69329e77-f969-417d-bd98-48dbce7bd1ec'.
2020-02-19 15:27:38.435 -03:00 [DEBUG] Initiating 'ReadCard' flow.
2020-02-19 15:27:38.436 -03:00 [DEBUG] Performing card reading.
2020-02-19 15:27:51.927 -03:00 [DEBUG] Card reading status: 'OperationCancelled'.
2020-02-19 15:27:51.977 -03:00 [DEBUG] Finishing 'ReadCard' flow.
2020-02-19 15:27:52.027 -03:00 [WARNING] Card reading returned status 'OperationCancelled' instead of success.
2020-02-19 15:28:00.581 -03:00 [DEBUG] Activating StoneCode '164185121'.
2020-02-19 15:28:00.896 -03:00 [DEBUG] Activation success status: 'True'.
2020-02-19 15:28:00.896 -03:00 [DEBUG] Trying to connect to the first pinpad in the machine. ConnectionName: '' // EnableWifi: 'False' // MerchantEmail: ''.
2020-02-19 15:28:00.896 -03:00 [DEBUG] Trying to connect to the first pinpad available.
2020-02-19 15:28:01.016 -03:00 [DEBUG] Connection try finished.
2020-02-19 15:28:01.065 -03:00 [DEBUG] Pinpad connected. Initiating ping.
2020-02-19 15:28:01.066 -03:00 [DEBUG] Ping initiated.
2020-02-19 15:28:01.068 -03:00 [DEBUG] Initiating 'Authorize' flow.
2020-02-19 15:28:01.068 -03:00 [DEBUG] Initiator Transaction Key: '0c32a78b-8f81-457c-ac31-7eceaa1194d0'.
2020-02-19 15:28:01.068 -03:00 [DEBUG] Initiating 'ReadCard' flow.
2020-02-19 15:28:01.068 -03:00 [DEBUG] Performing card reading.
2020-02-19 15:28:31.591 -03:00 [DEBUG] Card reading status: 'TimeOut'.
2020-02-19 15:28:31.640 -03:00 [DEBUG] Finishing 'ReadCard' flow.
2020-02-19 15:28:31.689 -03:00 [WARNING] Card reading returned status 'TimeOut' instead of success.
2020-02-19 15:28:39.205 -03:00 [DEBUG] Activating StoneCode '164185121'.
2020-02-19 15:28:39.517 -03:00 [DEBUG] Activation success status: 'True'.
2020-02-19 15:28:39.517 -03:00 [DEBUG] Trying to connect to the first pinpad in the machine. ConnectionName: '' // EnableWifi: 'False' // MerchantEmail: ''.
2020-02-19 15:28:39.517 -03:00 [DEBUG] Trying to connect to the first pinpad available.
2020-02-19 15:28:39.636 -03:00 [DEBUG] Connection try finished.
2020-02-19 15:28:39.685 -03:00 [DEBUG] Pinpad connected. Initiating ping.
2020-02-19 15:28:39.686 -03:00 [DEBUG] Ping initiated.
2020-02-19 15:28:39.688 -03:00 [DEBUG] Initiating 'Authorize' flow.
2020-02-19 15:28:39.688 -03:00 [DEBUG] Initiator Transaction Key: '3aba68b4-17db-4364-9041-b362574a5ff0'.
2020-02-19 15:28:39.688 -03:00 [DEBUG] Initiating 'ReadCard' flow.
2020-02-19 15:28:39.688 -03:00 [DEBUG] Performing card reading.
2020-02-19 15:28:51.850 -03:00 [DEBUG] Card reading status: 'Ok'.
2020-02-19 15:28:51.900 -03:00 [DEBUG] Finishing 'ReadCard' flow.
2020-02-19 15:28:51.900 -03:00 [DEBUG] Card reading returned success.
2020-02-19 15:28:51.900 -03:00 [DEBUG] Reading cardholder password.
2020-02-19 15:28:51.901 -03:00 [DEBUG] Initiating 'ReadPassword' flow.
2020-02-19 15:28:51.901 -03:00 [DEBUG] Reading cardholder password.
2020-02-19 15:28:56.292 -03:00 [DEBUG] Card reading status: 'OperationCancelled'.
2020-02-19 15:28:56.293 -03:00 [DEBUG] PIN not read because cardholder cancelled the transaction.
2020-02-19 15:28:56.293 -03:00 [ERROR] PIN not read due to unexpected error.
2020-02-19 15:28:56.344 -03:00 [DEBUG] Finishing 'ReadPassword' flow.
2020-02-19 15:28:56.393 -03:00 [WARNING] Password reading returned status 'OperationCancelled' instead of success.
2020-02-19 15:29:22.443 -03:00 [DEBUG] Activating StoneCode '164185121'.
2020-02-19 15:29:22.756 -03:00 [DEBUG] Activation success status: 'True'.
2020-02-19 15:29:22.756 -03:00 [DEBUG] Trying to connect to the first pinpad in the machine. ConnectionName: '' // EnableWifi: 'False' // MerchantEmail: ''.
2020-02-19 15:29:22.756 -03:00 [DEBUG] Trying to connect to the first pinpad available.
2020-02-19 15:29:22.876 -03:00 [DEBUG] Connection try finished.
2020-02-19 15:29:22.925 -03:00 [DEBUG] Pinpad connected. Initiating ping.
2020-02-19 15:29:22.926 -03:00 [DEBUG] Ping initiated.
2020-02-19 15:29:22.929 -03:00 [DEBUG] Initiating 'Authorize' flow.
2020-02-19 15:29:22.929 -03:00 [DEBUG] Initiator Transaction Key: 'aceb8387-6351-4f6a-b9d8-9454e5cb9cec'.
2020-02-19 15:29:22.929 -03:00 [DEBUG] Initiating 'ReadCard' flow.
2020-02-19 15:29:22.929 -03:00 [DEBUG] Performing card reading.
2020-02-19 15:29:35.161 -03:00 [DEBUG] Card reading status: 'Ok'.
2020-02-19 15:29:35.211 -03:00 [DEBUG] Finishing 'ReadCard' flow.
2020-02-19 15:29:35.211 -03:00 [DEBUG] Card reading returned success.
2020-02-19 15:29:35.211 -03:00 [DEBUG] Reading cardholder password.
2020-02-19 15:29:35.212 -03:00 [DEBUG] Initiating 'ReadPassword' flow.
2020-02-19 15:29:35.212 -03:00 [DEBUG] Reading cardholder password.
2020-02-19 15:29:38.875 -03:00 [DEBUG] Card reading status: 'Ok'.
2020-02-19 15:29:38.925 -03:00 [DEBUG] Finishing 'ReadPassword' flow.
2020-02-19 15:29:38.925 -03:00 [DEBUG] Sending the transaction to Stone Payments authorizer.
2020-02-19 15:29:38.928 -03:00 [DEBUG] Initiating 'SendAuthorizationAndGetReport' flow.
2020-02-19 15:29:38.928 -03:00 [DEBUG] Initiator Transaction Key: 'aceb8387-6351-4f6a-b9d8-9454e5cb9cec'.
2020-02-19 15:29:38.928 -03:00 [DEBUG] Creating the transaction entry, containing all information about the transaction.
2020-02-19 15:29:38.980 -03:00 [DEBUG] Sending the transaction to Stone Payments authorizer.
2020-02-19 15:29:40.727 -03:00 [DEBUG] Transaction status: 'True'.
2020-02-19 15:29:40.727 -03:00 [DEBUG] Response Code: ''.
2020-02-19 15:29:40.727 -03:00 [DEBUG] Response Reason: ''.
2020-02-19 15:29:40.727 -03:00 [DEBUG] Acquirer Transaction Key (ATK): '15005840293078'.
2020-02-19 15:29:40.732 -03:00 [DEBUG] Sending FNC to the EMV module.
2020-02-19 15:29:40.954 -03:00 [DEBUG] Transaction approved!
2020-02-19 15:29:40.954 -03:00 [DEBUG] Waiting for card removal.
2020-02-19 15:29:40.955 -03:00 [DEBUG] Initiating 'PromptForCardRemoval' flow.
2020-02-19 15:29:47.868 -03:00 [DEBUG] Finishing 'PromptForCardRemoval' flow.
2020-02-19 15:29:47.868 -03:00 [DEBUG] Printing receipt (if the pinpad supports it).
2020-02-19 15:29:47.869 -03:00 [DEBUG] Finishing 'SendAuthorizationAndGetReport' flow.
2020-02-19 15:29:47.869 -03:00 [DEBUG] Finishing 'Authorize' flow.
2020-02-19 15:31:14.334 -03:00 [DEBUG] Activating StoneCode '164185121'.
2020-02-19 15:31:15.527 -03:00 [DEBUG] Activation success status: 'True'.
2020-02-19 15:31:15.527 -03:00 [DEBUG] Trying to connect to the first pinpad in the machine. ConnectionName: '' // EnableWifi: 'False' // MerchantEmail: ''.
2020-02-19 15:31:15.527 -03:00 [DEBUG] Trying to connect to the first pinpad available.
2020-02-19 15:31:15.646 -03:00 [DEBUG] Connection try finished.
2020-02-19 15:31:15.695 -03:00 [DEBUG] Pinpad connected. Initiating ping.
2020-02-19 15:31:15.696 -03:00 [DEBUG] Ping initiated.
2020-02-19 15:31:15.700 -03:00 [DEBUG] Initiating 'Authorize' flow.
2020-02-19 15:31:15.700 -03:00 [DEBUG] Initiator Transaction Key: '0be6da63-ea8b-4fca-82ee-3b8bf8457ebc'.
2020-02-19 15:31:15.700 -03:00 [DEBUG] Initiating 'ReadCard' flow.
2020-02-19 15:31:15.700 -03:00 [DEBUG] Performing card reading.
2020-02-19 15:31:22.880 -03:00 [DEBUG] Card reading status: 'Ok'.
2020-02-19 15:31:22.930 -03:00 [DEBUG] Finishing 'ReadCard' flow.
2020-02-19 15:31:22.930 -03:00 [DEBUG] Card reading returned success.
2020-02-19 15:31:22.930 -03:00 [DEBUG] Reading cardholder password.
2020-02-19 15:31:22.930 -03:00 [DEBUG] Initiating 'ReadPassword' flow.
2020-02-19 15:31:22.930 -03:00 [DEBUG] Reading cardholder password.
2020-02-19 15:31:27.206 -03:00 [DEBUG] Card reading status: 'Ok'.
2020-02-19 15:31:27.257 -03:00 [DEBUG] Finishing 'ReadPassword' flow.
2020-02-19 15:31:27.257 -03:00 [DEBUG] Sending the transaction to Stone Payments authorizer.
2020-02-19 15:31:27.257 -03:00 [DEBUG] Initiating 'SendAuthorizationAndGetReport' flow.
2020-02-19 15:31:27.257 -03:00 [DEBUG] Initiator Transaction Key: '0be6da63-ea8b-4fca-82ee-3b8bf8457ebc'.
2020-02-19 15:31:27.257 -03:00 [DEBUG] Creating the transaction entry, containing all information about the transaction.
2020-02-19 15:31:27.306 -03:00 [DEBUG] Sending the transaction to Stone Payments authorizer.
2020-02-19 15:31:28.826 -03:00 [DEBUG] Transaction status: 'True'.
2020-02-19 15:31:28.826 -03:00 [DEBUG] Response Code: ''.
2020-02-19 15:31:28.826 -03:00 [DEBUG] Response Reason: ''.
2020-02-19 15:31:28.826 -03:00 [DEBUG] Acquirer Transaction Key (ATK): '15005840312837'.
2020-02-19 15:31:28.827 -03:00 [DEBUG] Sending FNC to the EMV module.
2020-02-19 15:31:29.053 -03:00 [DEBUG] Transaction approved!
2020-02-19 15:31:29.053 -03:00 [DEBUG] Waiting for card removal.
2020-02-19 15:31:29.053 -03:00 [DEBUG] Initiating 'PromptForCardRemoval' flow.
2020-02-19 15:31:34.143 -03:00 [DEBUG] Finishing 'PromptForCardRemoval' flow.
2020-02-19 15:31:34.143 -03:00 [DEBUG] Printing receipt (if the pinpad supports it).
2020-02-19 15:31:34.144 -03:00 [DEBUG] Finishing 'SendAuthorizationAndGetReport' flow.
2020-02-19 15:31:34.144 -03:00 [DEBUG] Finishing 'Authorize' flow.
2020-02-19 15:31:55.690 -03:00 [DEBUG] Activating StoneCode '164185121'.
2020-02-19 15:31:56.002 -03:00 [DEBUG] Activation success status: 'True'.
2020-02-19 15:31:56.002 -03:00 [DEBUG] Trying to connect to the first pinpad in the machine. ConnectionName: '' // EnableWifi: 'False' // MerchantEmail: ''.
2020-02-19 15:31:56.002 -03:00 [DEBUG] Trying to connect to the first pinpad available.
2020-02-19 15:31:56.124 -03:00 [DEBUG] Connection try finished.
2020-02-19 15:31:56.173 -03:00 [DEBUG] Pinpad connected. Initiating ping.
2020-02-19 15:31:56.174 -03:00 [DEBUG] Ping initiated.
2020-02-19 15:31:56.177 -03:00 [DEBUG] Initiating 'Authorize' flow.
2020-02-19 15:31:56.177 -03:00 [DEBUG] Initiator Transaction Key: 'e3816092-346f-47b6-99b3-cce7f26a2c2a'.
2020-02-19 15:31:56.177 -03:00 [DEBUG] Initiating 'ReadCard' flow.
2020-02-19 15:31:56.177 -03:00 [DEBUG] Performing card reading.
2020-02-19 15:35:08.745 -03:00 [DEBUG] Activating StoneCode '164185121'.
2020-02-19 15:35:09.990 -03:00 [DEBUG] Activation success status: 'True'.
2020-02-19 15:35:09.990 -03:00 [DEBUG] Trying to connect to the first pinpad in the machine. ConnectionName: '' // EnableWifi: 'False' // MerchantEmail: ''.
2020-02-19 15:35:09.991 -03:00 [DEBUG] Trying to connect to the first pinpad available.
2020-02-19 15:35:10.110 -03:00 [DEBUG] Connection try finished.
2020-02-19 15:35:10.159 -03:00 [DEBUG] Pinpad connected. Initiating ping.
2020-02-19 15:35:10.159 -03:00 [DEBUG] Ping initiated.
2020-02-19 15:35:10.160 -03:00 [DEBUG] Initiating 'Authorize' flow.
2020-02-19 15:35:10.160 -03:00 [DEBUG] Initiator Transaction Key: 'feb2d729-5709-46e1-82d3-bf9bc0625df9'.
2020-02-19 15:35:10.160 -03:00 [DEBUG] Initiating 'ReadCard' flow.
2020-02-19 15:35:10.160 -03:00 [DEBUG] Performing card reading.
2020-02-19 15:38:46.458 -03:00 [DEBUG] Activating StoneCode '164185121'.
2020-02-19 15:38:47.648 -03:00 [DEBUG] Activation success status: 'True'.
2020-02-19 15:38:47.649 -03:00 [DEBUG] Trying to connect to the first pinpad in the machine. ConnectionName: '' // EnableWifi: 'False' // MerchantEmail: ''.
2020-02-19 15:38:47.649 -03:00 [DEBUG] Trying to connect to the first pinpad available.
2020-02-19 15:38:47.767 -03:00 [DEBUG] Connection try finished.
2020-02-19 15:38:47.816 -03:00 [DEBUG] Pinpad connected. Initiating ping.
2020-02-19 15:38:47.817 -03:00 [DEBUG] Ping initiated.
2020-02-19 15:38:47.820 -03:00 [DEBUG] Initiating 'Authorize' flow.
2020-02-19 15:38:47.820 -03:00 [DEBUG] Initiator Transaction Key: 'b90af01d-2b5e-4abb-994b-081be41b498b'.
2020-02-19 15:38:47.820 -03:00 [DEBUG] Initiating 'ReadCard' flow.
2020-02-19 15:38:47.820 -03:00 [DEBUG] Performing card reading.
2020-02-19 15:41:47.192 -03:00 [DEBUG] Activating StoneCode '164185121'.
2020-02-19 15:41:48.391 -03:00 [DEBUG] Activation success status: 'True'.
2020-02-19 15:41:48.392 -03:00 [DEBUG] Trying to connect to the first pinpad in the machine. ConnectionName: '' // EnableWifi: 'False' // MerchantEmail: ''.
2020-02-19 15:41:48.392 -03:00 [DEBUG] Trying to connect to the first pinpad available.
2020-02-19 15:41:48.511 -03:00 [DEBUG] Connection try finished.
2020-02-19 15:41:48.559 -03:00 [DEBUG] Pinpad connected. Initiating ping.
2020-02-19 15:41:48.560 -03:00 [DEBUG] Ping initiated.
2020-02-19 15:41:48.563 -03:00 [DEBUG] Initiating 'Authorize' flow.
2020-02-19 15:41:48.563 -03:00 [DEBUG] Initiator Transaction Key: '4a8ca36e-3ce6-4956-8ad5-47b1a51c65a6'.
2020-02-19 15:41:48.564 -03:00 [DEBUG] Initiating 'ReadCard' flow.
2020-02-19 15:41:48.564 -03:00 [DEBUG] Performing card reading.
2020-02-19 15:42:49.521 -03:00 [DEBUG] Activating StoneCode '164185121'.
2020-02-19 15:42:49.838 -03:00 [DEBUG] Activation success status: 'True'.
2020-02-19 15:42:49.838 -03:00 [DEBUG] Trying to connect to the first pinpad in the machine. ConnectionName: '' // EnableWifi: 'False' // MerchantEmail: ''.
2020-02-19 15:42:49.839 -03:00 [DEBUG] Trying to connect to the first pinpad available.
2020-02-19 15:42:49.958 -03:00 [DEBUG] Connection try finished.
2020-02-19 15:42:50.007 -03:00 [DEBUG] Pinpad connected. Initiating ping.
2020-02-19 15:42:50.007 -03:00 [DEBUG] Ping initiated.
2020-02-19 15:42:50.010 -03:00 [DEBUG] Initiating 'Authorize' flow.
2020-02-19 15:42:50.010 -03:00 [DEBUG] Initiator Transaction Key: 'b449f03d-8959-4857-9286-a9cc5c7ec8df'.
2020-02-19 15:42:50.010 -03:00 [DEBUG] Initiating 'ReadCard' flow.
2020-02-19 15:42:50.010 -03:00 [DEBUG] Performing card reading.
2020-02-19 15:43:11.358 -03:00 [DEBUG] Activating StoneCode '164185121'.
2020-02-19 15:43:11.673 -03:00 [DEBUG] Activation success status: 'True'.
2020-02-19 15:43:11.673 -03:00 [DEBUG] Trying to connect to the first pinpad in the machine. ConnectionName: '' // EnableWifi: 'False' // MerchantEmail: ''.
2020-02-19 15:43:11.674 -03:00 [DEBUG] Trying to connect to the first pinpad available.
2020-02-19 15:43:11.794 -03:00 [DEBUG] Connection try finished.
2020-02-19 15:43:11.843 -03:00 [DEBUG] Pinpad connected. Initiating ping.
2020-02-19 15:43:11.844 -03:00 [DEBUG] Ping initiated.
2020-02-19 15:43:11.846 -03:00 [DEBUG] Initiating 'Authorize' flow.
2020-02-19 15:43:11.846 -03:00 [DEBUG] Initiator Transaction Key: '7f1437d7-1db0-4976-b54e-2e1935d09855'.
2020-02-19 15:43:11.846 -03:00 [DEBUG] Initiating 'ReadCard' flow.
2020-02-19 15:43:11.846 -03:00 [DEBUG] Performing card reading.
2020-02-19 15:46:08.346 -03:00 [DEBUG] Activating StoneCode '164185121'.
2020-02-19 15:46:09.560 -03:00 [DEBUG] Activation success status: 'True'.
2020-02-19 15:46:09.561 -03:00 [DEBUG] Trying to connect to the first pinpad in the machine. ConnectionName: '' // EnableWifi: 'False' // MerchantEmail: ''.
2020-02-19 15:46:09.561 -03:00 [DEBUG] Trying to connect to the first pinpad available.
2020-02-19 15:46:09.679 -03:00 [DEBUG] Connection try finished.
2020-02-19 15:46:09.728 -03:00 [DEBUG] Pinpad connected. Initiating ping.
2020-02-19 15:46:09.729 -03:00 [DEBUG] Ping initiated.
2020-02-19 15:46:09.731 -03:00 [DEBUG] Initiating 'Authorize' flow.
2020-02-19 15:46:09.731 -03:00 [DEBUG] Initiator Transaction Key: '4169b509-a9d6-4cc3-a38a-6906f4f84181'.
2020-02-19 15:46:09.731 -03:00 [DEBUG] Initiating 'ReadCard' flow.
2020-02-19 15:46:09.731 -03:00 [DEBUG] Performing card reading.
2020-02-19 15:46:41.148 -03:00 [DEBUG] Activating StoneCode '164185121'.
2020-02-19 15:46:41.461 -03:00 [DEBUG] Activation success status: 'True'.
2020-02-19 15:46:41.462 -03:00 [DEBUG] Trying to connect to the first pinpad in the machine. ConnectionName: '' // EnableWifi: 'False' // MerchantEmail: ''.
2020-02-19 15:46:41.462 -03:00 [DEBUG] Trying to connect to the first pinpad available.
2020-02-19 15:46:41.580 -03:00 [DEBUG] Connection try finished.
2020-02-19 15:46:41.629 -03:00 [DEBUG] Pinpad connected. Initiating ping.
2020-02-19 15:46:41.630 -03:00 [DEBUG] Ping initiated.
2020-02-19 15:46:41.632 -03:00 [DEBUG] Initiating 'Authorize' flow.
2020-02-19 15:46:41.632 -03:00 [DEBUG] Initiator Transaction Key: '5dc5c06f-3753-43af-9a7c-8fd59f116999'.
2020-02-19 15:46:41.632 -03:00 [DEBUG] Initiating 'ReadCard' flow.
2020-02-19 15:46:41.632 -03:00 [DEBUG] Performing card reading.
2020-02-19 15:47:12.179 -03:00 [DEBUG] Card reading status: 'TimeOut'.
2020-02-19 15:47:12.228 -03:00 [DEBUG] Finishing 'ReadCard' flow.
2020-02-19 15:47:12.276 -03:00 [WARNING] Card reading returned status 'TimeOut' instead of success.
2020-02-19 15:53:46.383 -03:00 [DEBUG] Activating StoneCode '164185121'.
2020-02-19 15:53:47.601 -03:00 [DEBUG] Activation success status: 'True'.
2020-02-19 15:53:47.601 -03:00 [DEBUG] Trying to connect to the first pinpad in the machine. ConnectionName: '' // EnableWifi: 'False' // MerchantEmail: ''.
2020-02-19 15:53:47.601 -03:00 [DEBUG] Trying to connect to the first pinpad available.
2020-02-19 15:53:47.718 -03:00 [DEBUG] Connection try finished.
2020-02-19 15:53:47.766 -03:00 [DEBUG] Pinpad connected. Initiating ping.
2020-02-19 15:53:47.766 -03:00 [DEBUG] Ping initiated.
2020-02-19 15:53:47.771 -03:00 [DEBUG] Initiating 'Authorize' flow.
2020-02-19 15:53:47.771 -03:00 [DEBUG] Initiator Transaction Key: '4450e32e-354d-4705-a4d4-6062f1e82bf0'.
2020-02-19 15:53:47.771 -03:00 [DEBUG] Initiating 'ReadCard' flow.
2020-02-19 15:53:47.771 -03:00 [DEBUG] Performing card reading.
2020-02-19 15:54:40.438 -03:00 [DEBUG] Activating StoneCode '164185121'.
2020-02-19 15:54:40.766 -03:00 [DEBUG] Activation success status: 'True'.
2020-02-19 15:54:40.766 -03:00 [DEBUG] Trying to connect to the first pinpad in the machine. ConnectionName: '' // EnableWifi: 'False' // MerchantEmail: ''.
2020-02-19 15:54:40.766 -03:00 [DEBUG] Trying to connect to the first pinpad available.
2020-02-19 15:54:40.882 -03:00 [DEBUG] Connection try finished.
2020-02-19 15:54:40.931 -03:00 [DEBUG] Pinpad connected. Initiating ping.
2020-02-19 15:54:40.931 -03:00 [DEBUG] Ping initiated.
2020-02-19 15:54:40.932 -03:00 [DEBUG] Initiating 'Authorize' flow.
2020-02-19 15:54:40.932 -03:00 [DEBUG] Initiator Transaction Key: '6dddd055-c3e1-4898-b900-a804223a1239'.
2020-02-19 15:54:40.932 -03:00 [DEBUG] Initiating 'ReadCard' flow.
2020-02-19 15:54:40.932 -03:00 [DEBUG] Performing card reading.
2020-02-19 15:55:39.326 -03:00 [DEBUG] Activating StoneCode '164185121'.
2020-02-19 15:55:39.650 -03:00 [DEBUG] Activation success status: 'True'.
2020-02-19 15:55:39.650 -03:00 [DEBUG] Trying to connect to the first pinpad in the machine. ConnectionName: '' // EnableWifi: 'False' // MerchantEmail: ''.
2020-02-19 15:55:39.650 -03:00 [DEBUG] Trying to connect to the first pinpad available.
2020-02-19 15:55:39.765 -03:00 [DEBUG] Connection try finished.
2020-02-19 15:55:39.813 -03:00 [DEBUG] Pinpad connected. Initiating ping.
2020-02-19 15:55:39.813 -03:00 [DEBUG] Ping initiated.
2020-02-19 15:55:39.818 -03:00 [DEBUG] Initiating 'Authorize' flow.
2020-02-19 15:55:39.818 -03:00 [DEBUG] Initiator Transaction Key: '0ea38510-10d4-41ed-80f6-55538c621d1f'.
2020-02-19 15:55:39.818 -03:00 [DEBUG] Initiating 'ReadCard' flow.
2020-02-19 15:55:39.818 -03:00 [DEBUG] Performing card reading.
2020-02-19 15:56:20.105 -03:00 [DEBUG] Activating StoneCode '164185121'.
2020-02-19 15:56:20.411 -03:00 [DEBUG] Activation success status: 'True'.
2020-02-19 15:56:20.411 -03:00 [DEBUG] Trying to connect to the first pinpad in the machine. ConnectionName: '' // EnableWifi: 'False' // MerchantEmail: ''.
2020-02-19 15:56:20.411 -03:00 [DEBUG] Trying to connect to the first pinpad available.
2020-02-19 15:56:20.527 -03:00 [DEBUG] Connection try finished.
2020-02-19 15:56:20.576 -03:00 [DEBUG] Pinpad connected. Initiating ping.
2020-02-19 15:56:20.576 -03:00 [DEBUG] Ping initiated.
2020-02-19 15:56:20.581 -03:00 [DEBUG] Initiating 'Authorize' flow.
2020-02-19 15:56:20.582 -03:00 [DEBUG] Initiator Transaction Key: 'c2b9b0b7-dbbd-4fd2-b182-64f3f4bf99c9'.
2020-02-19 15:56:20.582 -03:00 [DEBUG] Initiating 'ReadCard' flow.
2020-02-19 15:56:20.582 -03:00 [DEBUG] Performing card reading.
2020-02-19 15:57:25.359 -03:00 [DEBUG] Activating StoneCode '164185121'.
2020-02-19 15:57:25.678 -03:00 [DEBUG] Activation success status: 'True'.
2020-02-19 15:57:25.678 -03:00 [DEBUG] Trying to connect to the first pinpad in the machine. ConnectionName: '' // EnableWifi: 'False' // MerchantEmail: ''.
2020-02-19 15:57:25.678 -03:00 [DEBUG] Trying to connect to the first pinpad available.
2020-02-19 15:57:25.793 -03:00 [DEBUG] Connection try finished.
2020-02-19 15:57:25.842 -03:00 [DEBUG] Pinpad connected. Initiating ping.
2020-02-19 15:57:25.842 -03:00 [DEBUG] Ping initiated.
2020-02-19 15:57:25.848 -03:00 [DEBUG] Initiating 'Authorize' flow.
2020-02-19 15:57:25.848 -03:00 [DEBUG] Initiator Transaction Key: '1fb8ffd9-5eef-4e9a-9eb4-174bb90d9595'.
2020-02-19 15:57:25.848 -03:00 [DEBUG] Initiating 'ReadCard' flow.
2020-02-19 15:57:25.848 -03:00 [DEBUG] Performing card reading.
2020-02-19 15:58:14.395 -03:00 [DEBUG] Activating StoneCode '164185121'.
2020-02-19 15:58:14.721 -03:00 [DEBUG] Activation success status: 'True'.
2020-02-19 15:58:14.721 -03:00 [DEBUG] Trying to connect to the first pinpad in the machine. ConnectionName: '' // EnableWifi: 'False' // MerchantEmail: ''.
2020-02-19 15:58:14.721 -03:00 [DEBUG] Trying to connect to the first pinpad available.
2020-02-19 15:58:14.837 -03:00 [DEBUG] Connection try finished.
2020-02-19 15:58:14.886 -03:00 [DEBUG] Pinpad connected. Initiating ping.
2020-02-19 15:58:14.886 -03:00 [DEBUG] Ping initiated.
2020-02-19 15:58:14.891 -03:00 [DEBUG] Initiating 'Authorize' flow.
2020-02-19 15:58:14.891 -03:00 [DEBUG] Initiator Transaction Key: '2befb1d0-4f06-4671-92c6-be79c256db0c'.
2020-02-19 15:58:14.891 -03:00 [DEBUG] Initiating 'ReadCard' flow.
2020-02-19 15:58:14.891 -03:00 [DEBUG] Performing card reading.
2020-02-19 16:06:54.929 -03:00 [DEBUG] Activating StoneCode '164185121'.
2020-02-19 16:06:56.115 -03:00 [DEBUG] Activation success status: 'True'.
2020-02-19 16:06:56.115 -03:00 [DEBUG] Trying to connect to the first pinpad in the machine. ConnectionName: '' // EnableWifi: 'False' // MerchantEmail: ''.
2020-02-19 16:06:56.115 -03:00 [DEBUG] Trying to connect to the first pinpad available.
2020-02-19 16:06:56.232 -03:00 [DEBUG] Connection try finished.
2020-02-19 16:06:56.280 -03:00 [DEBUG] Pinpad connected. Initiating ping.
2020-02-19 16:06:56.280 -03:00 [DEBUG] Ping initiated.
2020-02-19 16:06:56.286 -03:00 [DEBUG] Initiating 'Authorize' flow.
2020-02-19 16:06:56.286 -03:00 [DEBUG] Initiator Transaction Key: '5c879579-e619-477d-97c7-520125470ab3'.
2020-02-19 16:06:56.286 -03:00 [DEBUG] Initiating 'ReadCard' flow.
2020-02-19 16:06:56.286 -03:00 [DEBUG] Performing card reading.
2020-02-19 16:08:13.231 -03:00 [DEBUG] Activating StoneCode '164185121'.
2020-02-19 16:08:13.539 -03:00 [DEBUG] Activation success status: 'True'.
2020-02-19 16:08:13.539 -03:00 [DEBUG] Trying to connect to the first pinpad in the machine. ConnectionName: '' // EnableWifi: 'False' // MerchantEmail: ''.
2020-02-19 16:08:13.539 -03:00 [DEBUG] Trying to connect to the first pinpad available.
2020-02-19 16:08:13.655 -03:00 [DEBUG] Connection try finished.
2020-02-19 16:08:13.703 -03:00 [DEBUG] Pinpad connected. Initiating ping.
2020-02-19 16:08:13.703 -03:00 [DEBUG] Ping initiated.
2020-02-19 16:08:13.708 -03:00 [DEBUG] Initiating 'Authorize' flow.
2020-02-19 16:08:13.708 -03:00 [DEBUG] Initiator Transaction Key: '732f7eb5-1388-4489-8df6-3c5dfa31091b'.
2020-02-19 16:08:13.708 -03:00 [DEBUG] Initiating 'ReadCard' flow.
2020-02-19 16:08:13.708 -03:00 [DEBUG] Performing card reading.
2020-02-19 16:09:59.475 -03:00 [DEBUG] Activating StoneCode '164185121'.
2020-02-19 16:10:00.665 -03:00 [DEBUG] Activation success status: 'True'.
2020-02-19 16:10:00.665 -03:00 [DEBUG] Trying to connect to the first pinpad in the machine. ConnectionName: '' // EnableWifi: 'False' // MerchantEmail: ''.
2020-02-19 16:10:00.665 -03:00 [DEBUG] Trying to connect to the first pinpad available.
2020-02-19 16:10:00.781 -03:00 [DEBUG] Connection try finished.
2020-02-19 16:10:00.829 -03:00 [DEBUG] Pinpad connected. Initiating ping.
2020-02-19 16:10:00.829 -03:00 [DEBUG] Ping initiated.
2020-02-19 16:10:00.835 -03:00 [DEBUG] Initiating 'Authorize' flow.
2020-02-19 16:10:00.835 -03:00 [DEBUG] Initiator Transaction Key: '5d02fc03-9ce4-4eb2-9425-9105ec35b739'.
2020-02-19 16:10:00.835 -03:00 [DEBUG] Initiating 'ReadCard' flow.
2020-02-19 16:10:00.835 -03:00 [DEBUG] Performing card reading.
2020-02-19 16:10:22.365 -03:00 [DEBUG] Activating StoneCode '164185121'.
2020-02-19 16:10:22.672 -03:00 [DEBUG] Activation success status: 'True'.
2020-02-19 16:10:22.672 -03:00 [DEBUG] Trying to connect to the first pinpad in the machine. ConnectionName: '' // EnableWifi: 'False' // MerchantEmail: ''.
2020-02-19 16:10:22.672 -03:00 [DEBUG] Trying to connect to the first pinpad available.
2020-02-19 16:10:22.787 -03:00 [DEBUG] Connection try finished.
2020-02-19 16:10:22.836 -03:00 [DEBUG] Pinpad connected. Initiating ping.
2020-02-19 16:10:22.836 -03:00 [DEBUG] Ping initiated.
2020-02-19 16:10:22.839 -03:00 [DEBUG] Initiating 'Authorize' flow.
2020-02-19 16:10:22.840 -03:00 [DEBUG] Initiator Transaction Key: '54cb3ad9-e01a-4515-969f-245eb8a918c8'.
2020-02-19 16:10:22.840 -03:00 [DEBUG] Initiating 'ReadCard' flow.
2020-02-19 16:10:22.840 -03:00 [DEBUG] Performing card reading.
2020-02-19 16:10:44.606 -03:00 [DEBUG] Activating StoneCode '164185121'.
2020-02-19 16:10:44.914 -03:00 [DEBUG] Activation success status: 'True'.
2020-02-19 16:10:44.914 -03:00 [DEBUG] Trying to connect to the first pinpad in the machine. ConnectionName: '' // EnableWifi: 'False' // MerchantEmail: ''.
2020-02-19 16:10:44.914 -03:00 [DEBUG] Trying to connect to the first pinpad available.
2020-02-19 16:10:45.029 -03:00 [DEBUG] Connection try finished.
2020-02-19 16:10:45.078 -03:00 [DEBUG] Pinpad connected. Initiating ping.
2020-02-19 16:10:45.078 -03:00 [DEBUG] Ping initiated.
2020-02-19 16:10:45.082 -03:00 [DEBUG] Initiating 'Authorize' flow.
2020-02-19 16:10:45.082 -03:00 [DEBUG] Initiator Transaction Key: '968644a6-f7d0-4340-839d-21bcd79b0533'.
2020-02-19 16:10:45.082 -03:00 [DEBUG] Initiating 'ReadCard' flow.
2020-02-19 16:10:45.082 -03:00 [DEBUG] Performing card reading.
2020-02-19 16:11:57.665 -03:00 [DEBUG] Activating StoneCode '164185121'.
2020-02-19 16:11:57.978 -03:00 [DEBUG] Activation success status: 'True'.
2020-02-19 16:11:57.979 -03:00 [DEBUG] Trying to connect to the first pinpad in the machine. ConnectionName: '' // EnableWifi: 'False' // MerchantEmail: ''.
2020-02-19 16:11:57.979 -03:00 [DEBUG] Trying to connect to the first pinpad available.
2020-02-19 16:11:58.094 -03:00 [DEBUG] Connection try finished.
2020-02-19 16:11:58.142 -03:00 [DEBUG] Pinpad connected. Initiating ping.
2020-02-19 16:11:58.142 -03:00 [DEBUG] Ping initiated.
2020-02-19 16:11:58.148 -03:00 [DEBUG] Initiating 'Authorize' flow.
2020-02-19 16:11:58.148 -03:00 [DEBUG] Initiator Transaction Key: '47fc784d-9b89-4820-aaf1-3c896a970e0a'.
2020-02-19 16:11:58.148 -03:00 [DEBUG] Initiating 'ReadCard' flow.
2020-02-19 16:11:58.148 -03:00 [DEBUG] Performing card reading.
2020-02-19 16:12:54.550 -03:00 [DEBUG] Activating StoneCode '164185121'.
2020-02-19 16:12:54.857 -03:00 [DEBUG] Activation success status: 'True'.
2020-02-19 16:12:54.857 -03:00 [DEBUG] Trying to connect to the first pinpad in the machine. ConnectionName: '' // EnableWifi: 'False' // MerchantEmail: ''.
2020-02-19 16:12:54.857 -03:00 [DEBUG] Trying to connect to the first pinpad available.
2020-02-19 16:12:54.973 -03:00 [DEBUG] Connection try finished.
2020-02-19 16:12:55.021 -03:00 [DEBUG] Pinpad connected. Initiating ping.
2020-02-19 16:12:55.022 -03:00 [DEBUG] Ping initiated.
2020-02-19 16:12:55.028 -03:00 [DEBUG] Initiating 'Authorize' flow.
2020-02-19 16:12:55.028 -03:00 [DEBUG] Initiator Transaction Key: '9a14ca2b-0c86-4b54-bbfa-e2d576eee4fb'.
2020-02-19 16:12:55.028 -03:00 [DEBUG] Initiating 'ReadCard' flow.
2020-02-19 16:12:55.028 -03:00 [DEBUG] Performing card reading.
2020-02-19 16:14:38.087 -03:00 [DEBUG] Activating StoneCode '164185121'.
2020-02-19 16:14:39.264 -03:00 [DEBUG] Activation success status: 'True'.
2020-02-19 16:14:39.264 -03:00 [DEBUG] Trying to connect to the first pinpad in the machine. ConnectionName: '' // EnableWifi: 'False' // MerchantEmail: ''.
2020-02-19 16:14:39.264 -03:00 [DEBUG] Trying to connect to the first pinpad available.
2020-02-19 16:14:39.379 -03:00 [DEBUG] Connection try finished.
2020-02-19 16:14:39.427 -03:00 [DEBUG] Pinpad connected. Initiating ping.
2020-02-19 16:14:39.428 -03:00 [DEBUG] Ping initiated.
2020-02-19 16:14:39.433 -03:00 [DEBUG] Initiating 'Authorize' flow.
2020-02-19 16:14:39.433 -03:00 [DEBUG] Initiator Transaction Key: '498f4ce1-266f-453b-8415-74dbf6ad5fc2'.
2020-02-19 16:14:39.433 -03:00 [DEBUG] Initiating 'ReadCard' flow.
2020-02-19 16:14:39.433 -03:00 [DEBUG] Performing card reading.
2020-02-19 16:15:19.446 -03:00 [DEBUG] Activating StoneCode '164185121'.
2020-02-19 16:15:19.755 -03:00 [DEBUG] Activation success status: 'True'.
2020-02-19 16:15:19.755 -03:00 [DEBUG] Trying to connect to the first pinpad in the machine. ConnectionName: '' // EnableWifi: 'False' // MerchantEmail: ''.
2020-02-19 16:15:19.755 -03:00 [DEBUG] Trying to connect to the first pinpad available.
2020-02-19 16:15:19.876 -03:00 [DEBUG] Connection try finished.
2020-02-19 16:15:19.926 -03:00 [DEBUG] Pinpad connected. Initiating ping.
2020-02-19 16:15:19.928 -03:00 [DEBUG] Ping initiated.
2020-02-19 16:15:19.942 -03:00 [DEBUG] Initiating 'Authorize' flow.
2020-02-19 16:15:19.942 -03:00 [DEBUG] Initiator Transaction Key: '8e4a3d57-b823-466d-9e4e-9a80234dd4d2'.
2020-02-19 16:15:19.942 -03:00 [DEBUG] Initiating 'ReadCard' flow.
2020-02-19 16:15:19.942 -03:00 [DEBUG] Performing card reading.
2020-02-19 16:17:03.238 -03:00 [DEBUG] Activating StoneCode '164185121'.
2020-02-19 16:17:04.442 -03:00 [DEBUG] Activation success status: 'True'.
2020-02-19 16:17:04.442 -03:00 [DEBUG] Trying to connect to the first pinpad in the machine. ConnectionName: '' // EnableWifi: 'False' // MerchantEmail: ''.
2020-02-19 16:17:04.442 -03:00 [DEBUG] Trying to connect to the first pinpad available.
2020-02-19 16:17:04.557 -03:00 [DEBUG] Connection try finished.
2020-02-19 16:17:04.606 -03:00 [DEBUG] Pinpad connected. Initiating ping.
2020-02-19 16:17:04.606 -03:00 [DEBUG] Ping initiated.
2020-02-19 16:17:04.612 -03:00 [DEBUG] Initiating 'Authorize' flow.
2020-02-19 16:17:04.612 -03:00 [DEBUG] Initiator Transaction Key: 'f048fa1f-c94b-4b91-ac25-adac58e24de8'.
2020-02-19 16:17:04.612 -03:00 [DEBUG] Initiating 'ReadCard' flow.
2020-02-19 16:17:04.612 -03:00 [DEBUG] Performing card reading.
2020-02-19 16:18:50.711 -03:00 [DEBUG] Activating StoneCode '164185121'.
2020-02-19 16:18:51.880 -03:00 [DEBUG] Activation success status: 'True'.
2020-02-19 16:18:51.880 -03:00 [DEBUG] Trying to connect to the first pinpad in the machine. ConnectionName: '' // EnableWifi: 'False' // MerchantEmail: ''.
2020-02-19 16:18:51.880 -03:00 [DEBUG] Trying to connect to the first pinpad available.
2020-02-19 16:18:51.996 -03:00 [DEBUG] Connection try finished.
2020-02-19 16:18:52.044 -03:00 [DEBUG] Pinpad connected. Initiating ping.
2020-02-19 16:18:52.045 -03:00 [DEBUG] Ping initiated.
2020-02-19 16:18:52.048 -03:00 [DEBUG] Initiating 'Authorize' flow.
2020-02-19 16:18:52.048 -03:00 [DEBUG] Initiator Transaction Key: '5a7aea6d-8ecf-4a1e-9308-a130815142bd'.
2020-02-19 16:18:52.048 -03:00 [DEBUG] Initiating 'ReadCard' flow.
2020-02-19 16:18:52.048 -03:00 [DEBUG] Performing card reading.
2020-02-19 16:19:27.375 -03:00 [DEBUG] Activating StoneCode '164185121'.
2020-02-19 16:19:27.677 -03:00 [DEBUG] Activation success status: 'True'.
2020-02-19 16:19:27.677 -03:00 [DEBUG] Trying to connect to the first pinpad in the machine. ConnectionName: '' // EnableWifi: 'False' // MerchantEmail: ''.
2020-02-19 16:19:27.677 -03:00 [DEBUG] Trying to connect to the first pinpad available.
2020-02-19 16:19:27.793 -03:00 [DEBUG] Connection try finished.
2020-02-19 16:19:27.841 -03:00 [DEBUG] Pinpad connected. Initiating ping.
2020-02-19 16:19:27.842 -03:00 [DEBUG] Ping initiated.
2020-02-19 16:19:27.848 -03:00 [DEBUG] Initiating 'Authorize' flow.
2020-02-19 16:19:27.848 -03:00 [DEBUG] Initiator Transaction Key: '657246d9-4ea7-4abd-8f18-7cf47a902fbc'.
2020-02-19 16:19:27.848 -03:00 [DEBUG] Initiating 'ReadCard' flow.
2020-02-19 16:19:27.848 -03:00 [DEBUG] Performing card reading.
2020-02-19 16:20:03.012 -03:00 [DEBUG] Activating StoneCode '164185121'.
2020-02-19 16:20:03.323 -03:00 [DEBUG] Activation success status: 'True'.
2020-02-19 16:20:03.323 -03:00 [DEBUG] Trying to connect to the first pinpad in the machine. ConnectionName: '' // EnableWifi: 'False' // MerchantEmail: ''.
2020-02-19 16:20:03.323 -03:00 [DEBUG] Trying to connect to the first pinpad available.
2020-02-19 16:20:03.438 -03:00 [DEBUG] Connection try finished.
2020-02-19 16:20:03.487 -03:00 [DEBUG] Pinpad connected. Initiating ping.
2020-02-19 16:20:03.487 -03:00 [DEBUG] Ping initiated.
2020-02-19 16:20:03.493 -03:00 [DEBUG] Initiating 'Authorize' flow.
2020-02-19 16:20:03.493 -03:00 [DEBUG] Initiator Transaction Key: '01d5b77f-2db7-493c-9f96-041c576e3ddc'.
2020-02-19 16:20:03.493 -03:00 [DEBUG] Initiating 'ReadCard' flow.
2020-02-19 16:20:03.493 -03:00 [DEBUG] Performing card reading.
2020-02-19 16:20:34.787 -03:00 [DEBUG] Activating StoneCode '164185121'.
2020-02-19 16:20:35.089 -03:00 [DEBUG] Activation success status: 'True'.
2020-02-19 16:20:35.089 -03:00 [DEBUG] Trying to connect to the first pinpad in the machine. ConnectionName: '' // EnableWifi: 'False' // MerchantEmail: ''.
2020-02-19 16:20:35.089 -03:00 [DEBUG] Trying to connect to the first pinpad available.
2020-02-19 16:20:35.205 -03:00 [DEBUG] Connection try finished.
2020-02-19 16:20:35.253 -03:00 [DEBUG] Pinpad connected. Initiating ping.
2020-02-19 16:20:35.253 -03:00 [DEBUG] Ping initiated.
2020-02-19 16:20:35.259 -03:00 [DEBUG] Initiating 'Authorize' flow.
2020-02-19 16:20:35.259 -03:00 [DEBUG] Initiator Transaction Key: 'e5343703-4ace-4bbb-b3c2-75418589b6eb'.
2020-02-19 16:20:35.259 -03:00 [DEBUG] Initiating 'ReadCard' flow.
2020-02-19 16:20:35.259 -03:00 [DEBUG] Performing card reading.
2020-02-19 16:22:55.010 -03:00 [DEBUG] Activating StoneCode '164185121'.
2020-02-19 16:22:56.202 -03:00 [DEBUG] Activation success status: 'True'.
2020-02-19 16:22:56.202 -03:00 [DEBUG] Trying to connect to the first pinpad in the machine. ConnectionName: '' // EnableWifi: 'False' // MerchantEmail: ''.
2020-02-19 16:22:56.202 -03:00 [DEBUG] Trying to connect to the first pinpad available.
2020-02-19 16:22:56.317 -03:00 [DEBUG] Connection try finished.
2020-02-19 16:22:56.366 -03:00 [DEBUG] Pinpad connected. Initiating ping.
2020-02-19 16:22:56.366 -03:00 [DEBUG] Ping initiated.
2020-02-19 16:22:56.371 -03:00 [DEBUG] Initiating 'Authorize' flow.
2020-02-19 16:22:56.371 -03:00 [DEBUG] Initiator Transaction Key: '43195e30-8d45-4848-96ba-b35dd3a852b7'.
2020-02-19 16:22:56.371 -03:00 [DEBUG] Initiating 'ReadCard' flow.
2020-02-19 16:22:56.371 -03:00 [DEBUG] Performing card reading.
2020-02-19 16:23:23.647 -03:00 [DEBUG] Activating StoneCode '164185121'.
2020-02-19 16:23:23.960 -03:00 [DEBUG] Activation success status: 'True'.
2020-02-19 16:23:23.960 -03:00 [DEBUG] Trying to connect to the first pinpad in the machine. ConnectionName: '' // EnableWifi: 'False' // MerchantEmail: ''.
2020-02-19 16:23:23.960 -03:00 [DEBUG] Trying to connect to the first pinpad available.
2020-02-19 16:23:24.079 -03:00 [DEBUG] Connection try finished.
2020-02-19 16:23:24.128 -03:00 [DEBUG] Pinpad connected. Initiating ping.
2020-02-19 16:23:24.129 -03:00 [DEBUG] Ping initiated.
2020-02-19 16:23:24.131 -03:00 [DEBUG] Initiating 'Authorize' flow.
2020-02-19 16:23:24.131 -03:00 [DEBUG] Initiator Transaction Key: '5ec52a2b-e743-4ac6-85fb-6e29f4b9895b'.
2020-02-19 16:23:24.131 -03:00 [DEBUG] Initiating 'ReadCard' flow.
2020-02-19 16:23:24.131 -03:00 [DEBUG] Performing card reading.
2020-02-19 16:23:47.133 -03:00 [DEBUG] Activating StoneCode '164185121'.
2020-02-19 16:23:47.443 -03:00 [DEBUG] Activation success status: 'True'.
2020-02-19 16:23:47.443 -03:00 [DEBUG] Trying to connect to the first pinpad in the machine. ConnectionName: '' // EnableWifi: 'False' // MerchantEmail: ''.
2020-02-19 16:23:47.443 -03:00 [DEBUG] Trying to connect to the first pinpad available.
2020-02-19 16:23:47.563 -03:00 [DEBUG] Connection try finished.
2020-02-19 16:23:47.612 -03:00 [DEBUG] Pinpad connected. Initiating ping.
2020-02-19 16:23:47.613 -03:00 [DEBUG] Ping initiated.
2020-02-19 16:23:47.615 -03:00 [DEBUG] Initiating 'Authorize' flow.
2020-02-19 16:23:47.615 -03:00 [DEBUG] Initiator Transaction Key: 'dc9c0e07-4663-41a6-bf96-1e981c778954'.
2020-02-19 16:23:47.615 -03:00 [DEBUG] Initiating 'ReadCard' flow.
2020-02-19 16:23:47.615 -03:00 [DEBUG] Performing card reading.
2020-02-19 16:24:29.528 -03:00 [DEBUG] Activating StoneCode '164185121'.
2020-02-19 16:24:29.838 -03:00 [DEBUG] Activation success status: 'True'.
2020-02-19 16:24:29.838 -03:00 [DEBUG] Trying to connect to the first pinpad in the machine. ConnectionName: '' // EnableWifi: 'False' // MerchantEmail: ''.
2020-02-19 16:24:29.838 -03:00 [DEBUG] Trying to connect to the first pinpad available.
2020-02-19 16:24:29.957 -03:00 [DEBUG] Connection try finished.
2020-02-19 16:24:30.006 -03:00 [DEBUG] Pinpad connected. Initiating ping.
2020-02-19 16:24:30.006 -03:00 [DEBUG] Ping initiated.
2020-02-19 16:24:30.009 -03:00 [DEBUG] Initiating 'Authorize' flow.
2020-02-19 16:24:30.009 -03:00 [DEBUG] Initiator Transaction Key: 'cc858002-7b3d-4d81-8d0d-b0281adf2aa8'.
2020-02-19 16:24:30.009 -03:00 [DEBUG] Initiating 'ReadCard' flow.
2020-02-19 16:24:30.009 -03:00 [DEBUG] Performing card reading.
2020-02-19 16:28:05.529 -03:00 [DEBUG] Activating StoneCode '164185121'.
2020-02-19 16:28:06.820 -03:00 [DEBUG] Activation success status: 'True'.
2020-02-19 16:28:06.820 -03:00 [DEBUG] Trying to connect to the first pinpad in the machine. ConnectionName: '' // EnableWifi: 'False' // MerchantEmail: ''.
2020-02-19 16:28:06.820 -03:00 [DEBUG] Trying to connect to the first pinpad available.
2020-02-19 16:28:06.939 -03:00 [DEBUG] Connection try finished.
2020-02-19 16:28:06.988 -03:00 [DEBUG] Pinpad connected. Initiating ping.
2020-02-19 16:28:06.989 -03:00 [DEBUG] Ping initiated.
2020-02-19 16:28:06.992 -03:00 [DEBUG] Initiating 'Authorize' flow.
2020-02-19 16:28:06.992 -03:00 [DEBUG] Initiator Transaction Key: '03d29802-25a9-4f9f-9d17-5454f30ba4d7'.
2020-02-19 16:28:06.992 -03:00 [DEBUG] Initiating 'ReadCard' flow.
2020-02-19 16:28:06.992 -03:00 [DEBUG] Performing card reading.
2020-02-19 16:30:54.929 -03:00 [DEBUG] Activating StoneCode '164185121'.
2020-02-19 16:30:56.119 -03:00 [DEBUG] Activation success status: 'True'.
2020-02-19 16:30:56.120 -03:00 [DEBUG] Trying to connect to the first pinpad in the machine. ConnectionName: '' // EnableWifi: 'False' // MerchantEmail: ''.
2020-02-19 16:30:56.120 -03:00 [DEBUG] Trying to connect to the first pinpad available.
2020-02-19 16:30:56.239 -03:00 [DEBUG] Connection try finished.
2020-02-19 16:30:56.288 -03:00 [DEBUG] Pinpad connected. Initiating ping.
2020-02-19 16:30:56.289 -03:00 [DEBUG] Ping initiated.
2020-02-19 16:30:56.290 -03:00 [DEBUG] Initiating 'Authorize' flow.
2020-02-19 16:30:56.291 -03:00 [DEBUG] Initiator Transaction Key: '23595aac-d089-4c99-a321-77c4a069e10a'.
2020-02-19 16:30:56.291 -03:00 [DEBUG] Initiating 'ReadCard' flow.
2020-02-19 16:30:56.291 -03:00 [DEBUG] Performing card reading.
2020-02-19 16:31:31.429 -03:00 [DEBUG] Activating StoneCode '164185121'.
2020-02-19 16:31:31.736 -03:00 [DEBUG] Activation success status: 'True'.
2020-02-19 16:31:31.736 -03:00 [DEBUG] Trying to connect to the first pinpad in the machine. ConnectionName: '' // EnableWifi: 'False' // MerchantEmail: ''.
2020-02-19 16:31:31.736 -03:00 [DEBUG] Trying to connect to the first pinpad available.
2020-02-19 16:31:31.855 -03:00 [DEBUG] Connection try finished.
2020-02-19 16:31:31.904 -03:00 [DEBUG] Pinpad connected. Initiating ping.
2020-02-19 16:31:31.905 -03:00 [DEBUG] Ping initiated.
2020-02-19 16:31:31.907 -03:00 [DEBUG] Initiating 'Authorize' flow.
2020-02-19 16:31:31.907 -03:00 [DEBUG] Initiator Transaction Key: '9e7d0a40-4843-4d18-b7e5-acd2b5bba493'.
2020-02-19 16:31:31.908 -03:00 [DEBUG] Initiating 'ReadCard' flow.
2020-02-19 16:31:31.908 -03:00 [DEBUG] Performing card reading.
2020-02-19 16:33:08.583 -03:00 [DEBUG] Activating StoneCode '164185121'.
2020-02-19 16:33:08.917 -03:00 [DEBUG] Activation success status: 'True'.
2020-02-19 16:33:08.917 -03:00 [DEBUG] Trying to connect to the first pinpad in the machine. ConnectionName: '' // EnableWifi: 'False' // MerchantEmail: ''.
2020-02-19 16:33:08.917 -03:00 [DEBUG] Trying to connect to the first pinpad available.
2020-02-19 16:33:09.036 -03:00 [DEBUG] Connection try finished.
2020-02-19 16:33:09.085 -03:00 [DEBUG] Pinpad connected. Initiating ping.
2020-02-19 16:33:09.086 -03:00 [DEBUG] Ping initiated.
2020-02-19 16:33:09.088 -03:00 [DEBUG] Initiating 'Authorize' flow.
2020-02-19 16:33:09.088 -03:00 [DEBUG] Initiator Transaction Key: '5018842b-2900-421d-87b2-b159a069ab87'.
2020-02-19 16:33:09.088 -03:00 [DEBUG] Initiating 'ReadCard' flow.
2020-02-19 16:33:09.088 -03:00 [DEBUG] Performing card reading.
2020-02-19 16:34:39.524 -03:00 [DEBUG] Activating StoneCode '164185121'.
2020-02-19 16:34:39.851 -03:00 [DEBUG] Activation success status: 'True'.
2020-02-19 16:34:39.851 -03:00 [DEBUG] Trying to connect to the first pinpad in the machine. ConnectionName: '' // EnableWifi: 'False' // MerchantEmail: ''.
2020-02-19 16:34:39.851 -03:00 [DEBUG] Trying to connect to the first pinpad available.
2020-02-19 16:34:39.970 -03:00 [DEBUG] Connection try finished.
2020-02-19 16:34:40.019 -03:00 [DEBUG] Pinpad connected. Initiating ping.
2020-02-19 16:34:40.021 -03:00 [DEBUG] Ping initiated.
2020-02-19 16:34:40.023 -03:00 [DEBUG] Initiating 'Authorize' flow.
2020-02-19 16:34:40.023 -03:00 [DEBUG] Initiator Transaction Key: '0fbe3b86-8195-4878-871c-348834d780b4'.
2020-02-19 16:34:40.023 -03:00 [DEBUG] Initiating 'ReadCard' flow.
2020-02-19 16:34:40.023 -03:00 [DEBUG] Performing card reading.
2020-02-19 16:35:30.998 -03:00 [DEBUG] Activating StoneCode '164185121'.
2020-02-19 16:35:31.309 -03:00 [DEBUG] Activation success status: 'True'.
2020-02-19 16:35:31.309 -03:00 [DEBUG] Trying to connect to the first pinpad in the machine. ConnectionName: '' // EnableWifi: 'False' // MerchantEmail: ''.
2020-02-19 16:35:31.309 -03:00 [DEBUG] Trying to connect to the first pinpad available.
2020-02-19 16:35:31.428 -03:00 [DEBUG] Connection try finished.
2020-02-19 16:35:31.477 -03:00 [DEBUG] Pinpad connected. Initiating ping.
2020-02-19 16:35:31.478 -03:00 [DEBUG] Ping initiated.
2020-02-19 16:35:31.480 -03:00 [DEBUG] Initiating 'Authorize' flow.
2020-02-19 16:35:31.480 -03:00 [DEBUG] Initiator Transaction Key: '7ad43aa9-b21a-4e7b-8fac-73c78d2d10d5'.
2020-02-19 16:35:31.480 -03:00 [DEBUG] Initiating 'ReadCard' flow.
2020-02-19 16:35:31.480 -03:00 [DEBUG] Performing card reading.
2020-02-19 16:36:03.956 -03:00 [DEBUG] Activating StoneCode '164185121'.
2020-02-19 16:36:04.303 -03:00 [DEBUG] Activation success status: 'True'.
2020-02-19 16:36:04.303 -03:00 [DEBUG] Trying to connect to the first pinpad in the machine. ConnectionName: '' // EnableWifi: 'False' // MerchantEmail: ''.
2020-02-19 16:36:04.303 -03:00 [DEBUG] Trying to connect to the first pinpad available.
2020-02-19 16:36:04.424 -03:00 [DEBUG] Connection try finished.
2020-02-19 16:36:04.662 -03:00 [DEBUG] Pinpad connected. Initiating ping.
2020-02-19 16:36:04.663 -03:00 [DEBUG] Ping initiated.
2020-02-19 16:36:04.665 -03:00 [DEBUG] Initiating 'Authorize' flow.
2020-02-19 16:36:04.665 -03:00 [DEBUG] Initiator Transaction Key: '9fc58bd0-6b9e-4ea3-ad96-c479e42a26c0'.
2020-02-19 16:36:04.665 -03:00 [DEBUG] Initiating 'ReadCard' flow.
2020-02-19 16:36:04.665 -03:00 [DEBUG] Performing card reading.
2020-02-19 16:36:36.367 -03:00 [DEBUG] Activating StoneCode '164185121'.
2020-02-19 16:36:36.681 -03:00 [DEBUG] Activation success status: 'True'.
2020-02-19 16:36:36.682 -03:00 [DEBUG] Trying to connect to the first pinpad in the machine. ConnectionName: '' // EnableWifi: 'False' // MerchantEmail: ''.
2020-02-19 16:36:36.682 -03:00 [DEBUG] Trying to connect to the first pinpad available.
2020-02-19 16:36:36.797 -03:00 [DEBUG] Connection try finished.
2020-02-19 16:36:36.846 -03:00 [DEBUG] Pinpad connected. Initiating ping.
2020-02-19 16:36:36.846 -03:00 [DEBUG] Ping initiated.
2020-02-19 16:36:36.854 -03:00 [DEBUG] Initiating 'Authorize' flow.
2020-02-19 16:36:36.855 -03:00 [DEBUG] Initiator Transaction Key: '6192ecc8-cda7-4a59-969b-6bad2b606825'.
2020-02-19 16:36:36.855 -03:00 [DEBUG] Initiating 'ReadCard' flow.
2020-02-19 16:36:36.855 -03:00 [DEBUG] Performing card reading.
2020-02-19 16:37:59.458 -03:00 [DEBUG] Activating StoneCode '164185121'.
2020-02-19 16:37:59.764 -03:00 [DEBUG] Activation success status: 'True'.
2020-02-19 16:37:59.764 -03:00 [DEBUG] Trying to connect to the first pinpad in the machine. ConnectionName: '' // EnableWifi: 'False' // MerchantEmail: ''.
2020-02-19 16:37:59.764 -03:00 [DEBUG] Trying to connect to the first pinpad available.
2020-02-19 16:37:59.879 -03:00 [DEBUG] Connection try finished.
2020-02-19 16:37:59.928 -03:00 [DEBUG] Pinpad connected. Initiating ping.
2020-02-19 16:37:59.928 -03:00 [DEBUG] Ping initiated.
2020-02-19 16:37:59.934 -03:00 [DEBUG] Initiating 'Authorize' flow.
2020-02-19 16:37:59.934 -03:00 [DEBUG] Initiator Transaction Key: 'b334fb9b-4fd8-4640-a614-6d96afdfd614'.
2020-02-19 16:37:59.934 -03:00 [DEBUG] Initiating 'ReadCard' flow.
2020-02-19 16:37:59.934 -03:00 [DEBUG] Performing card reading.
2020-02-19 16:38:21.107 -03:00 [DEBUG] Activating StoneCode '164185121'.
2020-02-19 16:38:21.435 -03:00 [DEBUG] Activation success status: 'True'.
2020-02-19 16:38:21.435 -03:00 [DEBUG] Trying to connect to the first pinpad in the machine. ConnectionName: '' // EnableWifi: 'False' // MerchantEmail: ''.
2020-02-19 16:38:21.435 -03:00 [DEBUG] Trying to connect to the first pinpad available.
2020-02-19 16:38:21.550 -03:00 [DEBUG] Connection try finished.
2020-02-19 16:38:21.599 -03:00 [DEBUG] Pinpad connected. Initiating ping.
2020-02-19 16:38:21.599 -03:00 [DEBUG] Ping initiated.
2020-02-19 16:38:21.605 -03:00 [DEBUG] Initiating 'Authorize' flow.
2020-02-19 16:38:21.605 -03:00 [DEBUG] Initiator Transaction Key: 'bf49dbd0-4433-4c82-9e80-39e711b3a26b'.
2020-02-19 16:38:21.605 -03:00 [DEBUG] Initiating 'ReadCard' flow.
2020-02-19 16:38:21.605 -03:00 [DEBUG] Performing card reading.
2020-02-19 16:38:29.325 -03:00 [DEBUG] Card reading status: 'Ok'.
2020-02-19 16:38:29.375 -03:00 [DEBUG] Finishing 'ReadCard' flow.
2020-02-19 16:38:29.375 -03:00 [DEBUG] Card reading returned success.
2020-02-19 16:38:29.375 -03:00 [DEBUG] Reading cardholder password.
2020-02-19 16:38:29.375 -03:00 [DEBUG] Initiating 'ReadPassword' flow.
2020-02-19 16:38:29.375 -03:00 [DEBUG] Reading cardholder password.
2020-02-19 16:38:33.090 -03:00 [DEBUG] Card reading status: 'Ok'.
2020-02-19 16:38:33.139 -03:00 [DEBUG] Finishing 'ReadPassword' flow.
2020-02-19 16:38:33.139 -03:00 [DEBUG] Sending the transaction to Stone Payments authorizer.
2020-02-19 16:38:33.139 -03:00 [DEBUG] Initiating 'SendAuthorizationAndGetReport' flow.
2020-02-19 16:38:33.139 -03:00 [DEBUG] Initiator Transaction Key: 'bf49dbd0-4433-4c82-9e80-39e711b3a26b'.
2020-02-19 16:38:33.139 -03:00 [DEBUG] Creating the transaction entry, containing all information about the transaction.
2020-02-19 16:38:33.188 -03:00 [DEBUG] Sending the transaction to Stone Payments authorizer.
2020-02-19 16:38:34.668 -03:00 [DEBUG] Transaction status: 'True'.
2020-02-19 16:38:34.668 -03:00 [DEBUG] Response Code: ''.
2020-02-19 16:38:34.668 -03:00 [DEBUG] Response Reason: ''.
2020-02-19 16:38:34.668 -03:00 [DEBUG] Acquirer Transaction Key (ATK): '15005841082849'.
2020-02-19 16:38:34.668 -03:00 [DEBUG] Sending FNC to the EMV module.
2020-02-19 16:38:34.881 -03:00 [DEBUG] Transaction approved!
2020-02-19 16:38:34.881 -03:00 [DEBUG] Waiting for card removal.
2020-02-19 16:38:34.881 -03:00 [DEBUG] Initiating 'PromptForCardRemoval' flow.
2020-02-19 16:38:36.668 -03:00 [DEBUG] Finishing 'PromptForCardRemoval' flow.
2020-02-19 16:38:36.668 -03:00 [DEBUG] Printing receipt (if the pinpad supports it).
2020-02-19 16:38:36.668 -03:00 [DEBUG] Finishing 'SendAuthorizationAndGetReport' flow.
2020-02-19 16:38:36.668 -03:00 [DEBUG] Finishing 'Authorize' flow.
2020-02-19 16:41:12.681 -03:00 [DEBUG] Activating StoneCode '164185121'.
2020-02-19 16:41:13.904 -03:00 [DEBUG] Activation success status: 'True'.
2020-02-19 16:41:13.904 -03:00 [DEBUG] Trying to connect to the first pinpad in the machine. ConnectionName: '' // EnableWifi: 'False' // MerchantEmail: ''.
2020-02-19 16:41:13.904 -03:00 [DEBUG] Trying to connect to the first pinpad available.
2020-02-19 16:41:14.020 -03:00 [DEBUG] Connection try finished.
2020-02-19 16:41:14.069 -03:00 [DEBUG] Pinpad connected. Initiating ping.
2020-02-19 16:41:14.069 -03:00 [DEBUG] Ping initiated.
2020-02-19 16:41:14.075 -03:00 [DEBUG] Initiating 'Authorize' flow.
2020-02-19 16:41:14.075 -03:00 [DEBUG] Initiator Transaction Key: '1e6f1e71-42b4-44a5-a33c-fd68310a4bd8'.
2020-02-19 16:41:14.075 -03:00 [DEBUG] Initiating 'ReadCard' flow.
2020-02-19 16:41:14.075 -03:00 [DEBUG] Performing card reading.
2020-02-19 16:41:19.015 -03:00 [DEBUG] Card reading status: 'Ok'.
2020-02-19 16:41:19.065 -03:00 [DEBUG] Finishing 'ReadCard' flow.
2020-02-19 16:41:19.065 -03:00 [DEBUG] Card reading returned success.
2020-02-19 16:41:19.065 -03:00 [DEBUG] Reading cardholder password.
2020-02-19 16:41:19.065 -03:00 [DEBUG] Initiating 'ReadPassword' flow.
2020-02-19 16:41:19.065 -03:00 [DEBUG] Reading cardholder password.
2020-02-19 16:41:26.431 -03:00 [DEBUG] Card reading status: 'Ok'.
2020-02-19 16:41:26.480 -03:00 [DEBUG] Finishing 'ReadPassword' flow.
2020-02-19 16:41:26.481 -03:00 [DEBUG] Sending the transaction to Stone Payments authorizer.
2020-02-19 16:41:26.481 -03:00 [DEBUG] Initiating 'SendAuthorizationAndGetReport' flow.
2020-02-19 16:41:26.481 -03:00 [DEBUG] Initiator Transaction Key: '1e6f1e71-42b4-44a5-a33c-fd68310a4bd8'.
2020-02-19 16:41:26.481 -03:00 [DEBUG] Creating the transaction entry, containing all information about the transaction.
2020-02-19 16:41:26.535 -03:00 [DEBUG] Sending the transaction to Stone Payments authorizer.
2020-02-19 16:41:28.061 -03:00 [DEBUG] Transaction status: 'True'.
2020-02-19 16:41:28.061 -03:00 [DEBUG] Response Code: ''.
2020-02-19 16:41:28.061 -03:00 [DEBUG] Response Reason: ''.
2020-02-19 16:41:28.061 -03:00 [DEBUG] Acquirer Transaction Key (ATK): '15005841119609'.
2020-02-19 16:41:28.062 -03:00 [DEBUG] Sending FNC to the EMV module.
2020-02-19 16:41:28.286 -03:00 [DEBUG] Transaction approved!
2020-02-19 16:41:28.286 -03:00 [DEBUG] Waiting for card removal.
2020-02-19 16:41:28.286 -03:00 [DEBUG] Initiating 'PromptForCardRemoval' flow.
2020-02-19 16:41:29.872 -03:00 [DEBUG] Finishing 'PromptForCardRemoval' flow.
2020-02-19 16:41:29.872 -03:00 [DEBUG] Printing receipt (if the pinpad supports it).
2020-02-19 16:41:29.872 -03:00 [DEBUG] Finishing 'SendAuthorizationAndGetReport' flow.
2020-02-19 16:41:29.872 -03:00 [DEBUG] Finishing 'Authorize' flow.
2020-02-19 16:41:59.171 -03:00 [DEBUG] Activating StoneCode '164185121'.
2020-02-19 16:41:59.518 -03:00 [DEBUG] Activation success status: 'True'.
2020-02-19 16:41:59.518 -03:00 [DEBUG] Trying to connect to the first pinpad in the machine. ConnectionName: '' // EnableWifi: 'False' // MerchantEmail: ''.
2020-02-19 16:41:59.518 -03:00 [DEBUG] Trying to connect to the first pinpad available.
2020-02-19 16:41:59.634 -03:00 [DEBUG] Connection try finished.
2020-02-19 16:41:59.683 -03:00 [DEBUG] Pinpad connected. Initiating ping.
2020-02-19 16:41:59.683 -03:00 [DEBUG] Ping initiated.
2020-02-19 16:41:59.688 -03:00 [DEBUG] Initiating 'Authorize' flow.
2020-02-19 16:41:59.689 -03:00 [DEBUG] Initiator Transaction Key: '96835ed4-0fc5-4f4e-b735-55d6de28244d'.
2020-02-19 16:41:59.689 -03:00 [DEBUG] Initiating 'ReadCard' flow.
2020-02-19 16:41:59.689 -03:00 [DEBUG] Performing card reading.
2020-02-19 16:42:04.226 -03:00 [DEBUG] Card reading status: 'Ok'.
2020-02-19 16:42:04.276 -03:00 [DEBUG] Finishing 'ReadCard' flow.
2020-02-19 16:42:04.276 -03:00 [DEBUG] Card reading returned success.
2020-02-19 16:42:04.276 -03:00 [DEBUG] Reading cardholder password.
2020-02-19 16:42:04.276 -03:00 [DEBUG] Initiating 'ReadPassword' flow.
2020-02-19 16:42:04.276 -03:00 [DEBUG] Reading cardholder password.
2020-02-19 16:42:12.241 -03:00 [DEBUG] Card reading status: 'Ok'.
2020-02-19 16:42:12.291 -03:00 [DEBUG] Finishing 'ReadPassword' flow.
2020-02-19 16:42:12.291 -03:00 [DEBUG] Sending the transaction to Stone Payments authorizer.
2020-02-19 16:42:12.291 -03:00 [DEBUG] Initiating 'SendAuthorizationAndGetReport' flow.
2020-02-19 16:42:12.291 -03:00 [DEBUG] Initiator Transaction Key: '96835ed4-0fc5-4f4e-b735-55d6de28244d'.
2020-02-19 16:42:12.291 -03:00 [DEBUG] Creating the transaction entry, containing all information about the transaction.
2020-02-19 16:42:12.339 -03:00 [DEBUG] Sending the transaction to Stone Payments authorizer.
2020-02-19 16:42:13.236 -03:00 [DEBUG] Transaction status: 'True'.
2020-02-19 16:42:13.236 -03:00 [DEBUG] Response Code: ''.
2020-02-19 16:42:13.236 -03:00 [DEBUG] Response Reason: ''.
2020-02-19 16:42:13.236 -03:00 [DEBUG] Acquirer Transaction Key (ATK): '15005841129311'.
2020-02-19 16:42:13.236 -03:00 [DEBUG] Sending FNC to the EMV module.
2020-02-19 16:42:13.449 -03:00 [DEBUG] Transaction approved!
2020-02-19 16:42:13.449 -03:00 [DEBUG] Waiting for card removal.
2020-02-19 16:42:13.449 -03:00 [DEBUG] Initiating 'PromptForCardRemoval' flow.
2020-02-19 16:42:16.216 -03:00 [DEBUG] Finishing 'PromptForCardRemoval' flow.
2020-02-19 16:42:16.216 -03:00 [DEBUG] Printing receipt (if the pinpad supports it).
2020-02-19 16:42:16.216 -03:00 [DEBUG] Finishing 'SendAuthorizationAndGetReport' flow.
2020-02-19 16:42:16.216 -03:00 [DEBUG] Finishing 'Authorize' flow.
2020-02-19 16:43:20.655 -03:00 [DEBUG] Activating StoneCode '164185121'.
2020-02-19 16:43:20.991 -03:00 [DEBUG] Activation success status: 'True'.
2020-02-19 16:43:20.991 -03:00 [DEBUG] Trying to connect to the first pinpad in the machine. ConnectionName: '' // EnableWifi: 'False' // MerchantEmail: ''.
2020-02-19 16:43:20.991 -03:00 [DEBUG] Trying to connect to the first pinpad available.
2020-02-19 16:43:21.107 -03:00 [DEBUG] Connection try finished.
2020-02-19 16:43:21.155 -03:00 [DEBUG] Pinpad connected. Initiating ping.
2020-02-19 16:43:21.155 -03:00 [DEBUG] Ping initiated.
2020-02-19 16:43:21.161 -03:00 [DEBUG] Initiating 'Authorize' flow.
2020-02-19 16:43:21.161 -03:00 [DEBUG] Initiator Transaction Key: '2306339f-f79c-4009-9fee-87bcd7983482'.
2020-02-19 16:43:21.161 -03:00 [DEBUG] Initiating 'ReadCard' flow.
2020-02-19 16:43:21.161 -03:00 [DEBUG] Performing card reading.
2020-02-19 16:43:25.394 -03:00 [DEBUG] Card reading status: 'OperationCancelled'.
2020-02-19 16:43:25.444 -03:00 [DEBUG] Finishing 'ReadCard' flow.
2020-02-19 16:43:25.494 -03:00 [WARNING] Card reading returned status 'OperationCancelled' instead of success.
2020-02-19 16:47:07.324 -03:00 [DEBUG] Activating StoneCode '164185121'.
2020-02-19 16:47:08.534 -03:00 [DEBUG] Activation success status: 'True'.
2020-02-19 16:47:08.534 -03:00 [DEBUG] Trying to connect to the first pinpad in the machine. ConnectionName: '' // EnableWifi: 'False' // MerchantEmail: ''.
2020-02-19 16:47:08.534 -03:00 [DEBUG] Trying to connect to the first pinpad available.
2020-02-19 16:47:08.650 -03:00 [DEBUG] Connection try finished.
2020-02-19 16:47:08.699 -03:00 [DEBUG] Pinpad connected. Initiating ping.
2020-02-19 16:47:08.699 -03:00 [DEBUG] Ping initiated.
2020-02-19 16:47:08.709 -03:00 [DEBUG] Initiating 'Authorize' flow.
2020-02-19 16:47:08.709 -03:00 [DEBUG] Initiator Transaction Key: '565c7096-2261-4616-b6ac-2ef61dd82d2d'.
2020-02-19 16:47:08.710 -03:00 [DEBUG] Initiating 'ReadCard' flow.
2020-02-19 16:47:08.710 -03:00 [DEBUG] Performing card reading.
2020-02-19 16:47:22.278 -03:00 [DEBUG] Card reading status: 'Ok'.
2020-02-19 16:47:22.328 -03:00 [DEBUG] Finishing 'ReadCard' flow.
2020-02-19 16:47:22.328 -03:00 [DEBUG] Card reading returned success.
2020-02-19 16:47:22.328 -03:00 [DEBUG] Reading cardholder password.
2020-02-19 16:47:22.328 -03:00 [DEBUG] Initiating 'ReadPassword' flow.
2020-02-19 16:47:22.328 -03:00 [DEBUG] Reading cardholder password.
2020-02-19 16:47:26.272 -03:00 [DEBUG] Card reading status: 'Ok'.
2020-02-19 16:47:26.321 -03:00 [DEBUG] Finishing 'ReadPassword' flow.
2020-02-19 16:47:26.321 -03:00 [DEBUG] Sending the transaction to Stone Payments authorizer.
2020-02-19 16:47:26.321 -03:00 [DEBUG] Initiating 'SendAuthorizationAndGetReport' flow.
2020-02-19 16:47:26.321 -03:00 [DEBUG] Initiator Transaction Key: '565c7096-2261-4616-b6ac-2ef61dd82d2d'.
2020-02-19 16:47:26.321 -03:00 [DEBUG] Creating the transaction entry, containing all information about the transaction.
2020-02-19 16:47:26.370 -03:00 [DEBUG] Sending the transaction to Stone Payments authorizer.
2020-02-19 16:47:27.704 -03:00 [DEBUG] Transaction status: 'True'.
2020-02-19 16:47:27.704 -03:00 [DEBUG] Response Code: ''.
2020-02-19 16:47:27.704 -03:00 [DEBUG] Response Reason: ''.
2020-02-19 16:47:27.704 -03:00 [DEBUG] Acquirer Transaction Key (ATK): '15005841196725'.
2020-02-19 16:47:27.704 -03:00 [DEBUG] Sending FNC to the EMV module.
2020-02-19 16:47:27.928 -03:00 [DEBUG] Transaction approved!
2020-02-19 16:47:27.928 -03:00 [DEBUG] Waiting for card removal.
2020-02-19 16:47:27.928 -03:00 [DEBUG] Initiating 'PromptForCardRemoval' flow.
2020-02-19 16:47:30.494 -03:00 [DEBUG] Finishing 'PromptForCardRemoval' flow.
2020-02-19 16:47:30.494 -03:00 [DEBUG] Printing receipt (if the pinpad supports it).
2020-02-19 16:47:30.494 -03:00 [DEBUG] Finishing 'SendAuthorizationAndGetReport' flow.
2020-02-19 16:47:30.494 -03:00 [DEBUG] Finishing 'Authorize' flow.
2020-02-19 16:49:19.976 -03:00 [DEBUG] Activating StoneCode '164185121'.
2020-02-19 16:49:21.193 -03:00 [DEBUG] Activation success status: 'True'.
2020-02-19 16:49:21.193 -03:00 [DEBUG] Trying to connect to the first pinpad in the machine. ConnectionName: '' // EnableWifi: 'False' // MerchantEmail: ''.
2020-02-19 16:49:21.193 -03:00 [DEBUG] Trying to connect to the first pinpad available.
2020-02-19 16:49:21.309 -03:00 [DEBUG] Connection try finished.
2020-02-19 16:49:21.357 -03:00 [DEBUG] Pinpad connected. Initiating ping.
2020-02-19 16:49:21.357 -03:00 [DEBUG] Ping initiated.
2020-02-19 16:50:04.199 -03:00 [DEBUG] Activating StoneCode '164185121'.
2020-02-19 16:50:04.535 -03:00 [DEBUG] Activation success status: 'True'.
2020-02-19 16:50:04.535 -03:00 [DEBUG] Trying to connect to the first pinpad in the machine. ConnectionName: '' // EnableWifi: 'False' // MerchantEmail: ''.
2020-02-19 16:50:04.535 -03:00 [DEBUG] Trying to connect to the first pinpad available.
2020-02-19 16:50:04.650 -03:00 [DEBUG] Connection try finished.
2020-02-19 16:50:04.699 -03:00 [DEBUG] Pinpad connected. Initiating ping.
2020-02-19 16:50:04.699 -03:00 [DEBUG] Ping initiated.
2020-02-19 16:50:04.707 -03:00 [DEBUG] Initiating 'Cancel' flow.
2020-02-19 16:50:04.708 -03:00 [DEBUG] ATK to cancel: '15005841196725'.
2020-02-19 16:50:04.708 -03:00 [DEBUG] Amount to cancel: '0.01'.
2020-02-19 16:50:04.708 -03:00 [DEBUG] Sale Affiliation Key: 'D37386E7A11F487A904D88B8F3BDFC22'.
2020-02-19 16:50:04.708 -03:00 [DEBUG] Cancelling the transaction.
2020-02-19 16:50:05.553 -03:00 [DEBUG] Cancellation status: 'True'.
2020-02-19 16:50:05.553 -03:00 [DEBUG] Cancellation response code: ''.
2020-02-19 16:50:05.553 -03:00 [DEBUG] Finishing 'Cancel' flow.
2020-02-19 16:50:15.096 -03:00 [DEBUG] Activating StoneCode '164185121'.
2020-02-19 16:50:15.458 -03:00 [DEBUG] Activation success status: 'True'.
2020-02-19 16:50:15.458 -03:00 [DEBUG] Trying to connect to the first pinpad in the machine. ConnectionName: '' // EnableWifi: 'False' // MerchantEmail: ''.
2020-02-19 16:50:15.458 -03:00 [DEBUG] Trying to connect to the first pinpad available.
2020-02-19 16:50:15.573 -03:00 [DEBUG] Connection try finished.
2020-02-19 16:50:15.622 -03:00 [DEBUG] Pinpad connected. Initiating ping.
2020-02-19 16:50:15.622 -03:00 [DEBUG] Ping initiated.
2020-02-19 16:50:15.624 -03:00 [DEBUG] Initiating 'Cancel' flow.
2020-02-19 16:50:15.624 -03:00 [DEBUG] ATK to cancel: '15005841196725'.
2020-02-19 16:50:15.624 -03:00 [DEBUG] Amount to cancel: '0.01'.
2020-02-19 16:50:15.624 -03:00 [DEBUG] Sale Affiliation Key: 'D37386E7A11F487A904D88B8F3BDFC22'.
2020-02-19 16:50:15.624 -03:00 [DEBUG] Cancelling the transaction.
2020-02-19 16:50:15.819 -03:00 [DEBUG] Cancellation status: 'True'.
2020-02-19 16:50:15.819 -03:00 [DEBUG] Cancellation response code: ''.
2020-02-19 16:50:15.820 -03:00 [DEBUG] Finishing 'Cancel' flow.
2020-02-19 16:50:28.124 -03:00 [DEBUG] Activating StoneCode '164185121'.
2020-02-19 16:50:29.002 -03:00 [DEBUG] Activation success status: 'True'.
2020-02-19 16:50:29.002 -03:00 [DEBUG] Trying to connect to the first pinpad in the machine. ConnectionName: '' // EnableWifi: 'False' // MerchantEmail: ''.
2020-02-19 16:50:29.002 -03:00 [DEBUG] Trying to connect to the first pinpad available.
2020-02-19 16:50:29.118 -03:00 [DEBUG] Connection try finished.
2020-02-19 16:50:29.166 -03:00 [DEBUG] Pinpad connected. Initiating ping.
2020-02-19 16:50:29.166 -03:00 [DEBUG] Ping initiated.
2020-02-19 16:50:29.172 -03:00 [DEBUG] Initiating 'Cancel' flow.
2020-02-19 16:50:29.173 -03:00 [DEBUG] ATK to cancel: '15005841196726'.
2020-02-19 16:50:29.173 -03:00 [DEBUG] Amount to cancel: '0.01'.
2020-02-19 16:50:29.173 -03:00 [DEBUG] Sale Affiliation Key: 'D37386E7A11F487A904D88B8F3BDFC22'.
2020-02-19 16:50:29.173 -03:00 [DEBUG] Cancelling the transaction.
2020-02-19 16:50:29.334 -03:00 [DEBUG] Cancellation status: 'False'.
2020-02-19 16:50:29.335 -03:00 [DEBUG] Cancellation response code: 'DECL'.
2020-02-19 16:50:29.335 -03:00 [DEBUG] Finishing 'Cancel' flow.
2020-02-19 16:50:37.378 -03:00 [DEBUG] Activating StoneCode '164185121'.
2020-02-19 16:50:37.738 -03:00 [DEBUG] Activation success status: 'True'.
2020-02-19 16:50:37.738 -03:00 [DEBUG] Trying to connect to the first pinpad in the machine. ConnectionName: '' // EnableWifi: 'False' // MerchantEmail: ''.
2020-02-19 16:50:37.738 -03:00 [DEBUG] Trying to connect to the first pinpad available.
2020-02-19 16:50:37.853 -03:00 [DEBUG] Connection try finished.
2020-02-19 16:50:37.902 -03:00 [DEBUG] Pinpad connected. Initiating ping.
2020-02-19 16:50:37.902 -03:00 [DEBUG] Ping initiated.
2020-02-19 16:50:37.908 -03:00 [DEBUG] Initiating 'Cancel' flow.
2020-02-19 16:50:37.908 -03:00 [DEBUG] ATK to cancel: '15005841196725'.
2020-02-19 16:50:37.908 -03:00 [DEBUG] Amount to cancel: '0.01'.
2020-02-19 16:50:37.908 -03:00 [DEBUG] Sale Affiliation Key: 'D37386E7A11F487A904D88B8F3BDFC22'.
2020-02-19 16:50:37.908 -03:00 [DEBUG] Cancelling the transaction.
2020-02-19 16:50:38.086 -03:00 [DEBUG] Cancellation status: 'True'.
2020-02-19 16:50:38.086 -03:00 [DEBUG] Cancellation response code: ''.
2020-02-19 16:50:38.086 -03:00 [DEBUG] Finishing 'Cancel' flow.
2020-02-19 16:50:42.375 -03:00 [DEBUG] Activating StoneCode '164185121'.
2020-02-19 16:50:42.735 -03:00 [DEBUG] Activation success status: 'True'.
2020-02-19 16:50:42.735 -03:00 [DEBUG] Trying to connect to the first pinpad in the machine. ConnectionName: '' // EnableWifi: 'False' // MerchantEmail: ''.
2020-02-19 16:50:42.735 -03:00 [DEBUG] Trying to connect to the first pinpad available.
2020-02-19 16:50:42.851 -03:00 [DEBUG] Connection try finished.
2020-02-19 16:50:42.900 -03:00 [DEBUG] Pinpad connected. Initiating ping.
2020-02-19 16:50:42.900 -03:00 [DEBUG] Ping initiated.
2020-02-19 16:50:42.906 -03:00 [DEBUG] Initiating 'Cancel' flow.
2020-02-19 16:50:42.906 -03:00 [DEBUG] ATK to cancel: '15005841196727'.
2020-02-19 16:50:42.906 -03:00 [DEBUG] Amount to cancel: '0.01'.
2020-02-19 16:50:42.906 -03:00 [DEBUG] Sale Affiliation Key: 'D37386E7A11F487A904D88B8F3BDFC22'.
2020-02-19 16:50:42.906 -03:00 [DEBUG] Cancelling the transaction.
2020-02-19 16:50:43.065 -03:00 [DEBUG] Cancellation status: 'False'.
2020-02-19 16:50:43.065 -03:00 [DEBUG] Cancellation response code: 'DECL'.
2020-02-19 16:50:43.065 -03:00 [DEBUG] Finishing 'Cancel' flow.
2020-02-19 16:50:47.863 -03:00 [DEBUG] Activating StoneCode '164185121'.
2020-02-19 16:50:48.246 -03:00 [DEBUG] Activation success status: 'True'.
2020-02-19 16:50:48.246 -03:00 [DEBUG] Trying to connect to the first pinpad in the machine. ConnectionName: '' // EnableWifi: 'False' // MerchantEmail: ''.
2020-02-19 16:50:48.246 -03:00 [DEBUG] Trying to connect to the first pinpad available.
2020-02-19 16:50:48.361 -03:00 [DEBUG] Connection try finished.
2020-02-19 16:50:48.410 -03:00 [DEBUG] Pinpad connected. Initiating ping.
2020-02-19 16:50:48.410 -03:00 [DEBUG] Ping initiated.
2020-02-19 16:50:48.416 -03:00 [DEBUG] Initiating 'Cancel' flow.
2020-02-19 16:50:48.416 -03:00 [DEBUG] ATK to cancel: '15005841196724'.
2020-02-19 16:50:48.416 -03:00 [DEBUG] Amount to cancel: '0.01'.
2020-02-19 16:50:48.416 -03:00 [DEBUG] Sale Affiliation Key: 'D37386E7A11F487A904D88B8F3BDFC22'.
2020-02-19 16:50:48.416 -03:00 [DEBUG] Cancelling the transaction.
2020-02-19 16:50:48.571 -03:00 [DEBUG] Cancellation status: 'False'.
2020-02-19 16:50:48.571 -03:00 [DEBUG] Cancellation response code: 'DECL'.
2020-02-19 16:50:48.571 -03:00 [DEBUG] Finishing 'Cancel' flow.
