2019-10-23 09:41:31.165 -03:00 [DEBUG] Activating StoneCode '792976231'.
2019-10-23 09:43:08.290 -03:00 [DEBUG] Activating StoneCode '792976231'.
2019-10-23 09:44:31.991 -03:00 [DEBUG] Activating StoneCode '792976231'.
2019-10-23 09:45:52.767 -03:00 [DEBUG] Activating StoneCode '185346049'.
2019-10-23 09:46:51.146 -03:00 [DEBUG] Activating StoneCode '137346812'.
2019-10-23 09:49:13.603 -03:00 [DEBUG] Activating StoneCode '185346049'.
2019-10-23 09:49:14.940 -03:00 [DEBUG] Activation success status: 'True'.
2019-10-23 09:49:14.940 -03:00 [DEBUG] Trying to connect to the first pinpad in the machine. ConnectionName: '' // EnableWifi: 'False' // MerchantEmail: ''.
2019-10-23 09:49:14.940 -03:00 [DEBUG] Trying to connect to the first pinpad available.
2019-10-23 09:49:15.108 -03:00 [DEBUG] Connection try finished.
2019-10-23 09:49:15.169 -03:00 [DEBUG] Pinpad connected. Initiating ping.
2019-10-23 09:49:15.173 -03:00 [DEBUG] Ping initiated.
2019-10-23 09:50:12.380 -03:00 [DEBUG] Initiating 'Authorize' flow.
2019-10-23 09:50:12.381 -03:00 [DEBUG] Initiator Transaction Key: 'a74af175-625a-4946-8a61-2c7a9b224010'.
2019-10-23 09:50:12.381 -03:00 [DEBUG] Initiating 'ReadCard' flow.
2019-10-23 09:50:12.381 -03:00 [DEBUG] Performing card reading.
2019-10-23 09:50:52.013 -03:00 [DEBUG] Initiating 'Authorize' flow.
2019-10-23 09:50:52.013 -03:00 [DEBUG] Initiator Transaction Key: 'b0f1035b-7f6f-4ef3-8aa8-98d5c7575846'.
2019-10-23 09:50:52.013 -03:00 [DEBUG] Initiating 'ReadCard' flow.
2019-10-23 09:50:52.013 -03:00 [DEBUG] Performing card reading.
2019-10-23 09:52:00.310 -03:00 [DEBUG] Initiating 'Authorize' flow.
2019-10-23 09:52:00.311 -03:00 [DEBUG] Initiator Transaction Key: '4ef63947-2dff-40db-a1ed-783b4a59002e'.
2019-10-23 09:52:00.311 -03:00 [DEBUG] Initiating 'ReadCard' flow.
2019-10-23 09:52:00.311 -03:00 [DEBUG] Performing card reading.
2019-10-23 09:52:39.103 -03:00 [DEBUG] Initiating 'Authorize' flow.
2019-10-23 09:52:39.103 -03:00 [DEBUG] Initiator Transaction Key: '95db556e-388b-46f4-b863-d68b23766e9e'.
2019-10-23 09:52:39.103 -03:00 [DEBUG] Initiating 'ReadCard' flow.
2019-10-23 09:52:39.103 -03:00 [DEBUG] Performing card reading.
2019-10-23 09:52:47.656 -03:00 [DEBUG] Card reading status: 'Ok'.
2019-10-23 09:52:47.707 -03:00 [DEBUG] Finishing 'ReadCard' flow.
2019-10-23 09:52:47.707 -03:00 [DEBUG] Card reading returned success.
2019-10-23 09:52:47.707 -03:00 [DEBUG] Reading cardholder password.
2019-10-23 09:52:47.708 -03:00 [DEBUG] Initiating 'ReadPassword' flow.
2019-10-23 09:52:47.709 -03:00 [DEBUG] Reading cardholder password.
2019-10-23 09:52:53.966 -03:00 [DEBUG] Card reading status: 'OperationCancelled'.
2019-10-23 09:52:53.966 -03:00 [DEBUG] PIN not read because cardholder cancelled the transaction.
2019-10-23 09:52:53.967 -03:00 [ERROR] PIN not read due to unexpected error.
2019-10-23 09:52:54.017 -03:00 [DEBUG] Finishing 'ReadPassword' flow.
2019-10-23 09:52:54.068 -03:00 [WARNING] Password reading returned status 'OperationCancelled' instead of success.
