2019-12-16 13:12:24.552 -03:00 [DEBUG] Initiating 'Authorize' flow.
2019-12-16 13:12:24.555 -03:00 [DEBUG] Initiator Transaction Key: '46c4fdb6-3276-410c-ad32-1fc812530811'.
2019-12-16 13:12:24.555 -03:00 [DEBUG] Initiating 'ReadCard' flow.
2019-12-16 13:12:24.555 -03:00 [DEBUG] Performing card reading.
2019-12-16 13:13:22.844 -03:00 [DEBUG] Activating StoneCode '164185121'.
2019-12-16 13:13:25.223 -03:00 [DEBUG] Activation success status: 'True'.
2019-12-16 13:13:25.223 -03:00 [DEBUG] Trying to connect to the first pinpad in the machine. ConnectionName: '' // EnableWifi: 'False' // MerchantEmail: ''.
2019-12-16 13:13:25.224 -03:00 [DEBUG] Trying to connect to the first pinpad available.
2019-12-16 13:13:25.661 -03:00 [DEBUG] Connection try finished.
2019-12-16 13:13:25.720 -03:00 [DEBUG] Pinpad connected. Initiating ping.
2019-12-16 13:13:25.723 -03:00 [DEBUG] Ping initiated.
2019-12-16 13:13:37.266 -03:00 [DEBUG] Initiating 'Authorize' flow.
2019-12-16 13:13:37.266 -03:00 [DEBUG] Initiator Transaction Key: 'bb983e01-f73a-40a9-a0fb-f8d64dcd7377'.
2019-12-16 13:13:37.267 -03:00 [DEBUG] Initiating 'ReadCard' flow.
2019-12-16 13:13:37.268 -03:00 [DEBUG] Performing card reading.
2019-12-16 13:13:39.984 -03:00 [DEBUG] Card reading status: 'OperationCancelled'.
2019-12-16 13:13:40.071 -03:00 [DEBUG] Finishing 'ReadCard' flow.
2019-12-16 13:13:40.162 -03:00 [WARNING] Card reading returned status 'OperationCancelled' instead of success.
2019-12-16 13:14:32.827 -03:00 [DEBUG] Initiating 'Authorize' flow.
2019-12-16 13:14:32.827 -03:00 [DEBUG] Initiator Transaction Key: '3453338d-65c9-4105-b2df-ccd152dc2e18'.
2019-12-16 13:14:32.827 -03:00 [DEBUG] Initiating 'ReadCard' flow.
2019-12-16 13:14:32.827 -03:00 [DEBUG] Performing card reading.
2019-12-16 13:14:35.795 -03:00 [DEBUG] Card reading status: 'OperationCancelled'.
2019-12-16 13:14:35.885 -03:00 [DEBUG] Finishing 'ReadCard' flow.
2019-12-16 13:14:35.975 -03:00 [WARNING] Card reading returned status 'OperationCancelled' instead of success.
2019-12-16 13:17:37.175 -03:00 [DEBUG] Initiating 'Authorize' flow.
2019-12-16 13:17:37.175 -03:00 [DEBUG] Initiator Transaction Key: '33db5bf7-951b-4822-9fba-c977d1514ac3'.
2019-12-16 13:17:37.175 -03:00 [DEBUG] Initiating 'ReadCard' flow.
2019-12-16 13:17:37.175 -03:00 [DEBUG] Performing card reading.
2019-12-16 13:17:56.318 -03:00 [DEBUG] Card reading status: 'OperationCancelled'.
2019-12-16 13:17:56.407 -03:00 [DEBUG] Finishing 'ReadCard' flow.
2019-12-16 13:17:56.497 -03:00 [WARNING] Card reading returned status 'OperationCancelled' instead of success.
2019-12-16 13:19:55.945 -03:00 [DEBUG] Initiating 'Authorize' flow.
2019-12-16 13:19:55.945 -03:00 [DEBUG] Initiator Transaction Key: 'f81c49e7-42a6-40a5-91fe-9ad59f409a7b'.
2019-12-16 13:19:55.945 -03:00 [DEBUG] Initiating 'ReadCard' flow.
2019-12-16 13:19:55.945 -03:00 [DEBUG] Performing card reading.
2019-12-16 13:20:11.820 -03:00 [DEBUG] Card reading status: 'Ok'.
2019-12-16 13:20:11.876 -03:00 [DEBUG] Finishing 'ReadCard' flow.
2019-12-16 13:20:11.876 -03:00 [DEBUG] Card reading returned success.
2019-12-16 13:20:11.876 -03:00 [DEBUG] Reading cardholder password.
2019-12-16 13:20:11.878 -03:00 [DEBUG] Initiating 'ReadPassword' flow.
2019-12-16 13:20:11.878 -03:00 [DEBUG] Reading cardholder password.
2019-12-16 13:20:13.316 -03:00 [DEBUG] Card reading status: 'OperationCancelled'.
2019-12-16 13:20:13.317 -03:00 [DEBUG] PIN not read because cardholder cancelled the transaction.
2019-12-16 13:20:13.317 -03:00 [ERROR] PIN not read due to unexpected error.
2019-12-16 13:20:13.407 -03:00 [DEBUG] Finishing 'ReadPassword' flow.
2019-12-16 13:20:13.495 -03:00 [WARNING] Password reading returned status 'OperationCancelled' instead of success.
2019-12-16 17:19:22.774 -03:00 [DEBUG] Activating StoneCode '164185121'.
2019-12-16 17:19:39.341 -03:00 [DEBUG] Activation success status: 'True'.
2019-12-16 17:19:39.341 -03:00 [DEBUG] Trying to connect to the first pinpad in the machine. ConnectionName: '' // EnableWifi: 'False' // MerchantEmail: ''.
2019-12-16 17:19:39.341 -03:00 [DEBUG] Trying to connect to the first pinpad available.
2019-12-16 17:19:39.819 -03:00 [DEBUG] Connection try finished.
2019-12-16 17:19:39.881 -03:00 [DEBUG] Pinpad connected. Initiating ping.
2019-12-16 17:19:39.882 -03:00 [DEBUG] Ping initiated.
