2019-10-21 18:46:53.970 -03:00 [DEBUG] Activating StoneCode '185346049'.
2019-10-21 18:46:56.475 -03:00 [DEBUG] Activation success status: 'True'.
2019-10-21 18:46:56.475 -03:00 [DEBUG] Trying to connect to the first pinpad in the machine. ConnectionName: '' // EnableWifi: 'False' // MerchantEmail: ''.
2019-10-21 18:46:56.493 -03:00 [DEBUG] Trying to connect to the first pinpad available.
2019-10-21 18:46:56.660 -03:00 [DEBUG] Connection try finished.
2019-10-21 18:46:56.719 -03:00 [DEBUG] Pinpad connected. Initiating ping.
2019-10-21 18:46:56.724 -03:00 [DEBUG] Ping initiated.
2019-10-21 18:49:48.042 -03:00 [DEBUG] Activating StoneCode '185346049'.
2019-10-21 18:49:49.897 -03:00 [DEBUG] Activation success status: 'True'.
2019-10-21 18:49:49.898 -03:00 [DEBUG] Trying to connect to the first pinpad in the machine. ConnectionName: '' // EnableWifi: 'False' // MerchantEmail: ''.
2019-10-21 18:49:49.898 -03:00 [DEBUG] Trying to connect to the first pinpad available.
2019-10-21 18:49:50.036 -03:00 [DEBUG] Connection try finished.
2019-10-21 18:49:50.096 -03:00 [DEBUG] Pinpad connected. Initiating ping.
2019-10-21 18:49:50.100 -03:00 [DEBUG] Ping initiated.
2019-10-21 18:52:33.450 -03:00 [DEBUG] Activating StoneCode '185346049'.
2019-10-21 18:52:35.284 -03:00 [DEBUG] Activation success status: 'True'.
2019-10-21 18:52:35.284 -03:00 [DEBUG] Trying to connect to the first pinpad in the machine. ConnectionName: '' // EnableWifi: 'False' // MerchantEmail: ''.
2019-10-21 18:52:35.285 -03:00 [DEBUG] Trying to connect to the first pinpad available.
2019-10-21 18:52:35.423 -03:00 [DEBUG] Connection try finished.
2019-10-21 18:52:35.482 -03:00 [DEBUG] Pinpad connected. Initiating ping.
2019-10-21 18:52:35.487 -03:00 [DEBUG] Ping initiated.
2019-10-21 18:54:04.891 -03:00 [DEBUG] Activating StoneCode '185346049'.
2019-10-21 18:54:06.807 -03:00 [DEBUG] Activation success status: 'True'.
2019-10-21 18:54:06.807 -03:00 [DEBUG] Trying to connect to the first pinpad in the machine. ConnectionName: '' // EnableWifi: 'False' // MerchantEmail: ''.
2019-10-21 18:54:06.807 -03:00 [DEBUG] Trying to connect to the first pinpad available.
2019-10-21 18:54:06.945 -03:00 [DEBUG] Connection try finished.
2019-10-21 18:54:07.004 -03:00 [DEBUG] Pinpad connected. Initiating ping.
2019-10-21 18:54:07.008 -03:00 [DEBUG] Ping initiated.
2019-10-21 18:56:28.470 -03:00 [DEBUG] Activating StoneCode '185346049'.
2019-10-21 18:56:31.405 -03:00 [DEBUG] Activation success status: 'True'.
2019-10-21 18:56:31.405 -03:00 [DEBUG] Trying to connect to the first pinpad in the machine. ConnectionName: '' // EnableWifi: 'False' // MerchantEmail: ''.
2019-10-21 18:56:31.405 -03:00 [DEBUG] Trying to connect to the first pinpad available.
2019-10-21 18:56:31.544 -03:00 [DEBUG] Connection try finished.
2019-10-21 18:56:31.604 -03:00 [DEBUG] Pinpad connected. Initiating ping.
2019-10-21 18:56:31.608 -03:00 [DEBUG] Ping initiated.
2019-10-21 19:02:25.415 -03:00 [DEBUG] Activating StoneCode '185346049'.
2019-10-21 19:02:27.231 -03:00 [DEBUG] Activation success status: 'True'.
2019-10-21 19:02:27.231 -03:00 [DEBUG] Trying to connect to the first pinpad in the machine. ConnectionName: '' // EnableWifi: 'False' // MerchantEmail: ''.
2019-10-21 19:02:27.232 -03:00 [DEBUG] Trying to connect to the first pinpad available.
2019-10-21 19:02:27.371 -03:00 [DEBUG] Connection try finished.
2019-10-21 19:02:27.431 -03:00 [DEBUG] Pinpad connected. Initiating ping.
2019-10-21 19:02:27.434 -03:00 [DEBUG] Ping initiated.
2019-10-21 19:08:04.143 -03:00 [DEBUG] Initiating 'Authorize' flow.
2019-10-21 19:08:04.143 -03:00 [DEBUG] Initiator Transaction Key: 'fa191de9-d18b-4ff0-943d-9ee6455dc00a'.
2019-10-21 19:08:04.143 -03:00 [DEBUG] Initiating 'ReadCard' flow.
2019-10-21 19:08:04.143 -03:00 [DEBUG] Performing card reading.
2019-10-21 19:08:52.609 -03:00 [DEBUG] Activating StoneCode '185346049'.
2019-10-21 19:08:54.577 -03:00 [DEBUG] Activation success status: 'True'.
2019-10-21 19:08:54.578 -03:00 [DEBUG] Trying to connect to the first pinpad in the machine. ConnectionName: '' // EnableWifi: 'False' // MerchantEmail: ''.
2019-10-21 19:08:54.579 -03:00 [DEBUG] Trying to connect to the first pinpad available.
2019-10-21 19:08:54.750 -03:00 [DEBUG] Connection try finished.
2019-10-21 19:08:54.805 -03:00 [DEBUG] Pinpad connected. Initiating ping.
2019-10-21 19:08:54.808 -03:00 [DEBUG] Ping initiated.
2019-10-21 19:09:05.398 -03:00 [DEBUG] Initiating 'Authorize' flow.
2019-10-21 19:09:05.398 -03:00 [DEBUG] Initiator Transaction Key: '1500c3b4-a1af-4451-a38d-32ca433c1ce5'.
2019-10-21 19:09:05.398 -03:00 [DEBUG] Initiating 'ReadCard' flow.
2019-10-21 19:09:05.399 -03:00 [DEBUG] Performing card reading.
2019-10-21 19:11:08.510 -03:00 [DEBUG] Activating StoneCode '792976231'.
2019-10-21 19:11:19.140 -03:00 [DEBUG] Activating StoneCode '185346049'.
2019-10-21 19:11:19.476 -03:00 [DEBUG] Activation success status: 'True'.
2019-10-21 19:11:19.476 -03:00 [DEBUG] Trying to connect to the first pinpad in the machine. ConnectionName: '' // EnableWifi: 'False' // MerchantEmail: ''.
2019-10-21 19:11:19.477 -03:00 [DEBUG] Trying to connect to the first pinpad available.
2019-10-21 19:11:19.615 -03:00 [DEBUG] Connection try finished.
2019-10-21 19:11:19.670 -03:00 [DEBUG] Pinpad connected. Initiating ping.
2019-10-21 19:11:19.673 -03:00 [DEBUG] Ping initiated.
2019-10-21 19:11:32.108 -03:00 [DEBUG] Initiating 'Authorize' flow.
2019-10-21 19:11:32.108 -03:00 [DEBUG] Initiator Transaction Key: 'fe2a4496-bf01-49e1-bd51-63e21949f3f9'.
2019-10-21 19:11:32.109 -03:00 [DEBUG] Initiating 'ReadCard' flow.
2019-10-21 19:11:32.109 -03:00 [DEBUG] Performing card reading.
2019-10-21 19:12:38.400 -03:00 [DEBUG] Initiating 'Authorize' flow.
2019-10-21 19:12:38.400 -03:00 [DEBUG] Initiator Transaction Key: '90c67565-0cfa-4095-af5f-f57d855267da'.
2019-10-21 19:12:38.400 -03:00 [DEBUG] Initiating 'ReadCard' flow.
2019-10-21 19:12:38.401 -03:00 [DEBUG] Performing card reading.
2019-10-21 19:13:06.815 -03:00 [DEBUG] Card reading status: 'OperationCancelled'.
2019-10-21 19:13:06.865 -03:00 [DEBUG] Finishing 'ReadCard' flow.
2019-10-21 19:13:06.915 -03:00 [WARNING] Card reading returned status 'OperationCancelled' instead of success.
2019-10-21 19:13:49.582 -03:00 [DEBUG] Activating StoneCode ''.
2019-10-21 19:14:01.717 -03:00 [DEBUG] Initiating 'Authorize' flow.
2019-10-21 19:14:01.717 -03:00 [DEBUG] Initiator Transaction Key: 'ad3bf0ea-4875-49f3-8492-f25292226daf'.
2019-10-21 19:14:01.717 -03:00 [DEBUG] Initiating 'ReadCard' flow.
2019-10-21 19:14:01.717 -03:00 [DEBUG] Performing card reading.
2019-10-21 19:14:10.225 -03:00 [DEBUG] Card reading status: 'OperationCancelled'.
2019-10-21 19:14:10.274 -03:00 [DEBUG] Finishing 'ReadCard' flow.
2019-10-21 19:14:10.323 -03:00 [WARNING] Card reading returned status 'OperationCancelled' instead of success.
2019-10-21 19:15:04.931 -03:00 [DEBUG] Initiating 'Authorize' flow.
2019-10-21 19:15:04.932 -03:00 [DEBUG] Initiator Transaction Key: 'd9377967-7a80-4c23-a0af-4af4cd0b4d44'.
2019-10-21 19:15:04.932 -03:00 [DEBUG] Initiating 'ReadCard' flow.
2019-10-21 19:15:04.932 -03:00 [DEBUG] Performing card reading.
2019-10-21 19:15:17.514 -03:00 [DEBUG] Card reading status: 'Ok'.
2019-10-21 19:15:17.564 -03:00 [DEBUG] Finishing 'ReadCard' flow.
2019-10-21 19:15:17.564 -03:00 [DEBUG] Card reading returned success.
2019-10-21 19:15:17.565 -03:00 [DEBUG] Reading cardholder password.
2019-10-21 19:15:17.566 -03:00 [DEBUG] Initiating 'ReadPassword' flow.
2019-10-21 19:15:17.566 -03:00 [DEBUG] Reading cardholder password.
2019-10-21 19:15:48.670 -03:00 [DEBUG] Initiating 'Authorize' flow.
2019-10-21 19:15:48.671 -03:00 [DEBUG] Initiator Transaction Key: 'c97fe783-b0b6-47b6-9716-c8779565c9ad'.
2019-10-21 19:15:48.671 -03:00 [DEBUG] Initiating 'ReadCard' flow.
2019-10-21 19:15:48.671 -03:00 [DEBUG] Performing card reading.
2019-10-21 19:15:58.992 -03:00 [DEBUG] Card reading status: 'Ok'.
2019-10-21 19:15:59.043 -03:00 [DEBUG] Finishing 'ReadCard' flow.
2019-10-21 19:15:59.043 -03:00 [DEBUG] Card reading returned success.
2019-10-21 19:15:59.043 -03:00 [DEBUG] Reading cardholder password.
2019-10-21 19:15:59.043 -03:00 [DEBUG] Initiating 'ReadPassword' flow.
2019-10-21 19:15:59.043 -03:00 [DEBUG] Reading cardholder password.
2019-10-21 19:16:40.921 -03:00 [DEBUG] Initiating 'Authorize' flow.
2019-10-21 19:16:40.921 -03:00 [DEBUG] Initiator Transaction Key: '96f4719d-8f40-43a3-b567-08c75df39389'.
2019-10-21 19:16:40.922 -03:00 [DEBUG] Initiating 'ReadCard' flow.
2019-10-21 19:16:40.922 -03:00 [DEBUG] Performing card reading.
2019-10-21 19:16:50.191 -03:00 [DEBUG] Card reading status: 'Ok'.
2019-10-21 19:16:50.241 -03:00 [DEBUG] Finishing 'ReadCard' flow.
2019-10-21 19:16:50.241 -03:00 [DEBUG] Card reading returned success.
2019-10-21 19:16:50.242 -03:00 [DEBUG] Reading cardholder password.
2019-10-21 19:16:50.242 -03:00 [DEBUG] Initiating 'ReadPassword' flow.
2019-10-21 19:16:50.242 -03:00 [DEBUG] Reading cardholder password.
2019-10-21 19:20:02.263 -03:00 [DEBUG] Initiating 'Authorize' flow.
2019-10-21 19:20:02.264 -03:00 [DEBUG] Initiator Transaction Key: '1785f181-5af2-4aec-9bf7-3848a63b952d'.
2019-10-21 19:20:02.264 -03:00 [DEBUG] Initiating 'ReadCard' flow.
2019-10-21 19:20:02.264 -03:00 [DEBUG] Performing card reading.
2019-10-21 19:20:11.449 -03:00 [DEBUG] Card reading status: 'Ok'.
2019-10-21 19:20:11.499 -03:00 [DEBUG] Finishing 'ReadCard' flow.
2019-10-21 19:20:11.499 -03:00 [DEBUG] Card reading returned success.
2019-10-21 19:20:11.499 -03:00 [DEBUG] Reading cardholder password.
2019-10-21 19:20:11.499 -03:00 [DEBUG] Initiating 'ReadPassword' flow.
2019-10-21 19:20:11.499 -03:00 [DEBUG] Reading cardholder password.
2019-10-21 19:20:23.358 -03:00 [DEBUG] Initiating 'Authorize' flow.
2019-10-21 19:20:23.358 -03:00 [DEBUG] Initiator Transaction Key: '0c634df3-ee79-4c01-a47a-ec868260969f'.
2019-10-21 19:20:23.358 -03:00 [DEBUG] Initiating 'ReadCard' flow.
2019-10-21 19:20:23.359 -03:00 [DEBUG] Performing card reading.
2019-10-21 19:20:28.955 -03:00 [DEBUG] Card reading status: 'OperationCancelled'.
2019-10-21 19:20:29.004 -03:00 [DEBUG] Finishing 'ReadCard' flow.
2019-10-21 19:20:29.054 -03:00 [WARNING] Card reading returned status 'OperationCancelled' instead of success.
2019-10-21 19:20:36.757 -03:00 [DEBUG] Initiating 'Authorize' flow.
2019-10-21 19:20:36.757 -03:00 [DEBUG] Initiator Transaction Key: '8bd11de4-5603-470e-8643-a3f1ea568b04'.
2019-10-21 19:20:36.757 -03:00 [DEBUG] Initiating 'ReadCard' flow.
2019-10-21 19:20:36.757 -03:00 [DEBUG] Performing card reading.
2019-10-21 19:20:43.770 -03:00 [DEBUG] Card reading status: 'Ok'.
2019-10-21 19:20:43.820 -03:00 [DEBUG] Finishing 'ReadCard' flow.
2019-10-21 19:20:43.820 -03:00 [DEBUG] Card reading returned success.
2019-10-21 19:20:43.820 -03:00 [DEBUG] Reading cardholder password.
2019-10-21 19:20:43.820 -03:00 [DEBUG] Initiating 'ReadPassword' flow.
2019-10-21 19:20:43.820 -03:00 [DEBUG] Reading cardholder password.
2019-10-21 19:20:59.706 -03:00 [DEBUG] Initiating 'Authorize' flow.
2019-10-21 19:20:59.706 -03:00 [DEBUG] Initiator Transaction Key: 'teste'.
2019-10-21 19:20:59.706 -03:00 [DEBUG] Initiating 'ReadCard' flow.
2019-10-21 19:20:59.706 -03:00 [DEBUG] Performing card reading.
2019-10-21 19:21:05.309 -03:00 [DEBUG] Card reading status: 'Ok'.
2019-10-21 19:21:05.359 -03:00 [DEBUG] Finishing 'ReadCard' flow.
2019-10-21 19:21:05.359 -03:00 [DEBUG] Card reading returned success.
2019-10-21 19:21:05.359 -03:00 [DEBUG] Reading cardholder password.
2019-10-21 19:21:05.360 -03:00 [DEBUG] Initiating 'ReadPassword' flow.
2019-10-21 19:21:05.360 -03:00 [DEBUG] Reading cardholder password.
2019-10-21 19:21:16.363 -03:00 [DEBUG] Initiating 'Authorize' flow.
2019-10-21 19:21:16.363 -03:00 [DEBUG] Initiator Transaction Key: '659cc8f2-a708-4c78-be6b-1961e8f48e1e'.
2019-10-21 19:21:16.363 -03:00 [DEBUG] Initiating 'ReadCard' flow.
2019-10-21 19:21:16.363 -03:00 [DEBUG] Performing card reading.
2019-10-21 19:21:21.478 -03:00 [DEBUG] Card reading status: 'Ok'.
2019-10-21 19:21:21.528 -03:00 [DEBUG] Finishing 'ReadCard' flow.
2019-10-21 19:21:21.528 -03:00 [DEBUG] Card reading returned success.
2019-10-21 19:21:21.528 -03:00 [DEBUG] Reading cardholder password.
2019-10-21 19:21:21.529 -03:00 [DEBUG] Initiating 'ReadPassword' flow.
2019-10-21 19:21:21.529 -03:00 [DEBUG] Reading cardholder password.
2019-10-21 19:23:19.595 -03:00 [DEBUG] Activating StoneCode '185346049'.
2019-10-21 19:23:21.622 -03:00 [DEBUG] Activation success status: 'True'.
2019-10-21 19:23:21.622 -03:00 [DEBUG] Trying to connect to the first pinpad in the machine. ConnectionName: '' // EnableWifi: 'False' // MerchantEmail: ''.
2019-10-21 19:23:21.623 -03:00 [DEBUG] Trying to connect to the first pinpad available.
2019-10-21 19:23:21.790 -03:00 [DEBUG] Connection try finished.
2019-10-21 19:23:21.850 -03:00 [DEBUG] Pinpad connected. Initiating ping.
2019-10-21 19:23:21.854 -03:00 [DEBUG] Ping initiated.
2019-10-21 19:23:37.023 -03:00 [DEBUG] Initiating 'Authorize' flow.
2019-10-21 19:23:37.023 -03:00 [DEBUG] Initiator Transaction Key: '39744559-d5c0-46fe-a363-7e83e5d8fb4d'.
2019-10-21 19:23:37.023 -03:00 [DEBUG] Initiating 'ReadCard' flow.
2019-10-21 19:23:37.024 -03:00 [DEBUG] Performing card reading.
2019-10-21 19:27:21.901 -03:00 [DEBUG] Activating StoneCode '185346049'.
2019-10-21 19:27:24.726 -03:00 [DEBUG] Activation success status: 'True'.
2019-10-21 19:27:24.726 -03:00 [DEBUG] Trying to connect to the first pinpad in the machine. ConnectionName: '' // EnableWifi: 'False' // MerchantEmail: ''.
2019-10-21 19:27:24.727 -03:00 [DEBUG] Trying to connect to the first pinpad available.
2019-10-21 19:27:24.884 -03:00 [DEBUG] Connection try finished.
2019-10-21 19:27:24.943 -03:00 [DEBUG] Pinpad connected. Initiating ping.
2019-10-21 19:27:24.947 -03:00 [DEBUG] Ping initiated.
2019-10-21 19:27:34.706 -03:00 [DEBUG] Initiating 'Authorize' flow.
2019-10-21 19:27:34.706 -03:00 [DEBUG] Initiator Transaction Key: '4fa9792e-ae71-45fb-8f7f-90835abae37a'.
2019-10-21 19:27:34.706 -03:00 [DEBUG] Initiating 'ReadCard' flow.
2019-10-21 19:27:34.706 -03:00 [DEBUG] Performing card reading.
2019-10-21 19:28:03.857 -03:00 [DEBUG] Initiating 'Authorize' flow.
2019-10-21 19:28:03.857 -03:00 [DEBUG] Initiator Transaction Key: 'c055bd1d-e9a6-42bc-a550-ebca5a4862be'.
2019-10-21 19:28:03.857 -03:00 [DEBUG] Initiating 'ReadCard' flow.
2019-10-21 19:28:03.858 -03:00 [DEBUG] Performing card reading.
2019-10-21 19:28:13.107 -03:00 [DEBUG] Card reading status: 'Ok'.
2019-10-21 19:28:13.157 -03:00 [DEBUG] Finishing 'ReadCard' flow.
2019-10-21 19:28:13.157 -03:00 [DEBUG] Card reading returned success.
2019-10-21 19:28:13.158 -03:00 [DEBUG] Reading cardholder password.
2019-10-21 19:28:13.159 -03:00 [DEBUG] Initiating 'ReadPassword' flow.
2019-10-21 19:28:13.159 -03:00 [DEBUG] Reading cardholder password.
2019-10-21 19:28:32.695 -03:00 [DEBUG] Initiating 'Authorize' flow.
2019-10-21 19:28:32.696 -03:00 [DEBUG] Initiator Transaction Key: 'a09f2185-45f4-402a-8dd2-ac113c4490ad'.
2019-10-21 19:28:32.696 -03:00 [DEBUG] Initiating 'ReadCard' flow.
2019-10-21 19:28:32.696 -03:00 [DEBUG] Performing card reading.
2019-10-21 19:28:38.698 -03:00 [DEBUG] Card reading status: 'Ok'.
2019-10-21 19:28:38.748 -03:00 [DEBUG] Finishing 'ReadCard' flow.
2019-10-21 19:28:38.749 -03:00 [DEBUG] Card reading returned success.
2019-10-21 19:28:38.749 -03:00 [DEBUG] Reading cardholder password.
2019-10-21 19:28:38.749 -03:00 [DEBUG] Initiating 'ReadPassword' flow.
2019-10-21 19:28:38.749 -03:00 [DEBUG] Reading cardholder password.
2019-10-21 19:28:52.431 -03:00 [DEBUG] Initiating 'Authorize' flow.
2019-10-21 19:28:52.431 -03:00 [DEBUG] Initiator Transaction Key: '14f86208-fe11-452d-8b67-c24c04d44fb2'.
2019-10-21 19:28:52.432 -03:00 [DEBUG] Initiating 'ReadCard' flow.
2019-10-21 19:28:52.432 -03:00 [DEBUG] Performing card reading.
2019-10-21 19:28:56.878 -03:00 [DEBUG] Card reading status: 'DumbCard'.
2019-10-21 19:28:56.927 -03:00 [DEBUG] Finishing 'ReadCard' flow.
2019-10-21 19:28:56.977 -03:00 [WARNING] Card reading returned status 'DumbCard' instead of success.
2019-10-21 19:29:21.245 -03:00 [DEBUG] Initiating 'Authorize' flow.
2019-10-21 19:29:21.245 -03:00 [DEBUG] Initiator Transaction Key: '9e50b723-1fa8-4357-989b-3f3145dd8000'.
2019-10-21 19:29:21.246 -03:00 [DEBUG] Initiating 'ReadCard' flow.
2019-10-21 19:29:21.246 -03:00 [DEBUG] Performing card reading.
2019-10-21 19:29:27.505 -03:00 [DEBUG] Card reading status: 'Ok'.
2019-10-21 19:29:27.555 -03:00 [DEBUG] Finishing 'ReadCard' flow.
2019-10-21 19:29:27.555 -03:00 [DEBUG] Card reading returned success.
2019-10-21 19:29:27.555 -03:00 [DEBUG] Reading cardholder password.
2019-10-21 19:29:27.555 -03:00 [DEBUG] Initiating 'ReadPassword' flow.
2019-10-21 19:29:27.556 -03:00 [DEBUG] Reading cardholder password.
2019-10-21 19:30:59.823 -03:00 [DEBUG] Initiating 'Authorize' flow.
2019-10-21 19:30:59.823 -03:00 [DEBUG] Initiator Transaction Key: 'ab5db3ee-9f93-47dd-8aaa-175c43a58eff'.
2019-10-21 19:30:59.823 -03:00 [DEBUG] Initiating 'ReadCard' flow.
2019-10-21 19:30:59.823 -03:00 [DEBUG] Performing card reading.
2019-10-21 19:31:06.120 -03:00 [DEBUG] Card reading status: 'Ok'.
2019-10-21 19:31:06.170 -03:00 [DEBUG] Finishing 'ReadCard' flow.
2019-10-21 19:31:06.170 -03:00 [DEBUG] Card reading returned success.
2019-10-21 19:31:06.170 -03:00 [DEBUG] Reading cardholder password.
2019-10-21 19:31:06.171 -03:00 [DEBUG] Initiating 'ReadPassword' flow.
2019-10-21 19:31:06.171 -03:00 [DEBUG] Reading cardholder password.
2019-10-21 19:31:35.845 -03:00 [DEBUG] Initiating 'Authorize' flow.
2019-10-21 19:31:35.845 -03:00 [DEBUG] Initiator Transaction Key: '1b9afaab-3676-4b5e-821a-30c7565c7869'.
2019-10-21 19:31:35.845 -03:00 [DEBUG] Initiating 'ReadCard' flow.
2019-10-21 19:31:35.845 -03:00 [DEBUG] Performing card reading.
2019-10-21 19:31:41.056 -03:00 [DEBUG] Card reading status: 'Ok'.
2019-10-21 19:31:41.106 -03:00 [DEBUG] Finishing 'ReadCard' flow.
2019-10-21 19:31:41.106 -03:00 [DEBUG] Card reading returned success.
2019-10-21 19:31:41.106 -03:00 [DEBUG] Reading cardholder password.
2019-10-21 19:31:41.106 -03:00 [DEBUG] Initiating 'ReadPassword' flow.
2019-10-21 19:31:41.106 -03:00 [DEBUG] Reading cardholder password.
2019-10-21 19:31:44.418 -03:00 [DEBUG] Card reading status: 'OperationCancelled'.
2019-10-21 19:31:44.418 -03:00 [DEBUG] PIN not read because cardholder cancelled the transaction.
2019-10-21 19:31:44.418 -03:00 [ERROR] PIN not read due to unexpected error.
2019-10-21 19:31:44.469 -03:00 [DEBUG] Finishing 'ReadPassword' flow.
2019-10-21 19:31:44.519 -03:00 [WARNING] Password reading returned status 'OperationCancelled' instead of success.
2019-10-21 19:32:39.313 -03:00 [DEBUG] Initiating 'Authorize' flow.
2019-10-21 19:32:39.313 -03:00 [DEBUG] Initiator Transaction Key: 'a9096022-fcf0-4913-9942-038fba7b3af2'.
2019-10-21 19:32:39.313 -03:00 [DEBUG] Initiating 'ReadCard' flow.
2019-10-21 19:32:39.313 -03:00 [DEBUG] Performing card reading.
2019-10-21 19:32:49.652 -03:00 [DEBUG] Card reading status: 'Ok'.
2019-10-21 19:32:49.703 -03:00 [DEBUG] Finishing 'ReadCard' flow.
2019-10-21 19:32:49.703 -03:00 [DEBUG] Card reading returned success.
2019-10-21 19:32:49.703 -03:00 [DEBUG] Reading cardholder password.
2019-10-21 19:32:49.703 -03:00 [DEBUG] Initiating 'ReadPassword' flow.
2019-10-21 19:32:49.703 -03:00 [DEBUG] Reading cardholder password.
2019-10-21 19:32:56.787 -03:00 [DEBUG] Card reading status: 'Ok'.
2019-10-21 19:32:56.837 -03:00 [DEBUG] Finishing 'ReadPassword' flow.
2019-10-21 19:32:56.837 -03:00 [DEBUG] Sending the transaction to Stone Payments authorizer.
2019-10-21 19:32:56.839 -03:00 [DEBUG] Initiating 'SendAuthorizationAndGetReport' flow.
2019-10-21 19:32:56.839 -03:00 [DEBUG] Initiator Transaction Key: 'a9096022-fcf0-4913-9942-038fba7b3af2'.
2019-10-21 19:32:56.839 -03:00 [DEBUG] Creating the transaction entry, containing all information about the transaction.
2019-10-21 19:32:56.890 -03:00 [DEBUG] Sending the transaction to Stone Payments authorizer.
2019-10-21 19:33:00.299 -03:00 [DEBUG] Transaction status: 'False'.
2019-10-21 19:33:00.300 -03:00 [DEBUG] Response Code: 'DECL'.
2019-10-21 19:33:00.300 -03:00 [DEBUG] Response Reason: '1010'.
2019-10-21 19:33:00.300 -03:00 [DEBUG] Acquirer Transaction Key (ATK): '39494705784401'.
2019-10-21 19:33:00.304 -03:00 [DEBUG] Sending FNC to the EMV module.
2019-10-21 19:33:00.462 -03:00 [DEBUG] Transaction declined or rejected.
2019-10-21 19:33:00.462 -03:00 [DEBUG] Waiting for card removal.
2019-10-21 19:33:00.462 -03:00 [DEBUG] Initiating 'PromptForCardRemoval' flow.
2019-10-21 19:33:07.876 -03:00 [DEBUG] Finishing 'PromptForCardRemoval' flow.
2019-10-21 19:33:07.877 -03:00 [DEBUG] Finishing 'SendAuthorizationAndGetReport' flow.
2019-10-21 19:33:07.877 -03:00 [DEBUG] Finishing 'Authorize' flow.
2019-10-21 19:33:48.545 -03:00 [DEBUG] Initiating 'Authorize' flow.
2019-10-21 19:33:48.545 -03:00 [DEBUG] Initiator Transaction Key: '66f014a3-61ca-4d5a-aa5a-02b8090531ac'.
2019-10-21 19:33:48.545 -03:00 [DEBUG] Initiating 'ReadCard' flow.
2019-10-21 19:33:48.545 -03:00 [DEBUG] Performing card reading.
2019-10-21 19:33:55.838 -03:00 [DEBUG] Card reading status: 'Ok'.
2019-10-21 19:33:55.888 -03:00 [DEBUG] Finishing 'ReadCard' flow.
2019-10-21 19:33:55.888 -03:00 [DEBUG] Card reading returned success.
2019-10-21 19:33:55.888 -03:00 [DEBUG] Reading cardholder password.
2019-10-21 19:33:55.888 -03:00 [DEBUG] Initiating 'ReadPassword' flow.
2019-10-21 19:33:55.888 -03:00 [DEBUG] Reading cardholder password.
2019-10-21 19:34:01.487 -03:00 [DEBUG] Card reading status: 'Ok'.
2019-10-21 19:34:01.537 -03:00 [DEBUG] Finishing 'ReadPassword' flow.
2019-10-21 19:34:01.537 -03:00 [DEBUG] Sending the transaction to Stone Payments authorizer.
2019-10-21 19:34:01.537 -03:00 [DEBUG] Initiating 'SendAuthorizationAndGetReport' flow.
2019-10-21 19:34:01.537 -03:00 [DEBUG] Initiator Transaction Key: '66f014a3-61ca-4d5a-aa5a-02b8090531ac'.
2019-10-21 19:34:01.537 -03:00 [DEBUG] Creating the transaction entry, containing all information about the transaction.
2019-10-21 19:34:01.586 -03:00 [DEBUG] Sending the transaction to Stone Payments authorizer.
2019-10-21 19:34:03.279 -03:00 [DEBUG] Transaction status: 'True'.
2019-10-21 19:34:03.279 -03:00 [DEBUG] Response Code: ''.
2019-10-21 19:34:03.280 -03:00 [DEBUG] Response Reason: ''.
2019-10-21 19:34:03.280 -03:00 [DEBUG] Acquirer Transaction Key (ATK): '39494705790845'.
2019-10-21 19:34:03.280 -03:00 [DEBUG] Sending FNC to the EMV module.
2019-10-21 19:34:03.669 -03:00 [DEBUG] Transaction approved!
2019-10-21 19:34:03.669 -03:00 [DEBUG] Waiting for card removal.
2019-10-21 19:34:03.669 -03:00 [DEBUG] Initiating 'PromptForCardRemoval' flow.
2019-10-21 19:34:13.744 -03:00 [DEBUG] Finishing 'PromptForCardRemoval' flow.
2019-10-21 19:34:13.744 -03:00 [DEBUG] Printing receipt (if the pinpad supports it).
2019-10-21 19:34:13.746 -03:00 [DEBUG] Finishing 'SendAuthorizationAndGetReport' flow.
2019-10-21 19:34:13.746 -03:00 [DEBUG] Finishing 'Authorize' flow.
2019-10-21 19:35:31.125 -03:00 [DEBUG] Initiating 'Cancel' flow.
2019-10-21 19:35:31.125 -03:00 [DEBUG] ATK to cancel: '39494705790845'.
2019-10-21 19:35:31.126 -03:00 [DEBUG] Amount to cancel: '0'.
2019-10-21 19:35:31.126 -03:00 [DEBUG] Sale Affiliation Key: '1D974FDF00D14370963E4FD5D50C2E58'.
2019-10-21 19:35:31.126 -03:00 [DEBUG] Cancelling the transaction.
2019-10-21 19:36:57.925 -03:00 [DEBUG] Activating StoneCode '185346049'.
2019-10-21 19:37:01.554 -03:00 [DEBUG] Activation success status: 'True'.
2019-10-21 19:37:01.554 -03:00 [DEBUG] Trying to connect to the first pinpad in the machine. ConnectionName: '' // EnableWifi: 'False' // MerchantEmail: ''.
2019-10-21 19:37:01.555 -03:00 [DEBUG] Trying to connect to the first pinpad available.
2019-10-21 19:37:01.694 -03:00 [DEBUG] Connection try finished.
2019-10-21 19:37:01.754 -03:00 [DEBUG] Pinpad connected. Initiating ping.
2019-10-21 19:37:01.758 -03:00 [DEBUG] Ping initiated.
2019-10-21 19:37:50.638 -03:00 [DEBUG] Initiating 'Cancel' flow.
2019-10-21 19:37:50.638 -03:00 [DEBUG] ATK to cancel: '39494705790845'.
2019-10-21 19:37:50.638 -03:00 [DEBUG] Amount to cancel: '0'.
2019-10-21 19:37:50.638 -03:00 [DEBUG] Sale Affiliation Key: '1D974FDF00D14370963E4FD5D50C2E58'.
2019-10-21 19:37:50.638 -03:00 [DEBUG] Cancelling the transaction.
2019-10-21 19:38:05.746 -03:00 [DEBUG] Activating StoneCode '185346049'.
2019-10-21 19:38:07.578 -03:00 [DEBUG] Activation success status: 'True'.
2019-10-21 19:38:07.579 -03:00 [DEBUG] Trying to connect to the first pinpad in the machine. ConnectionName: '' // EnableWifi: 'False' // MerchantEmail: ''.
2019-10-21 19:38:07.580 -03:00 [DEBUG] Trying to connect to the first pinpad available.
2019-10-21 19:38:07.719 -03:00 [DEBUG] Connection try finished.
2019-10-21 19:38:07.781 -03:00 [DEBUG] Pinpad connected. Initiating ping.
2019-10-21 19:38:07.785 -03:00 [DEBUG] Ping initiated.
2019-10-21 19:39:15.477 -03:00 [DEBUG] Initiating 'Cancel' flow.
2019-10-21 19:39:15.477 -03:00 [DEBUG] ATK to cancel: '39494705790845'.
2019-10-21 19:39:15.477 -03:00 [DEBUG] Amount to cancel: '0'.
2019-10-21 19:39:15.477 -03:00 [DEBUG] Sale Affiliation Key: '1D974FDF00D14370963E4FD5D50C2E58'.
2019-10-21 19:39:15.477 -03:00 [DEBUG] Cancelling the transaction.
2019-10-21 19:39:43.337 -03:00 [DEBUG] Activating StoneCode '185346049'.
2019-10-21 19:39:45.291 -03:00 [DEBUG] Activation success status: 'True'.
2019-10-21 19:39:45.291 -03:00 [DEBUG] Trying to connect to the first pinpad in the machine. ConnectionName: '' // EnableWifi: 'False' // MerchantEmail: ''.
2019-10-21 19:39:45.292 -03:00 [DEBUG] Trying to connect to the first pinpad available.
2019-10-21 19:39:45.430 -03:00 [DEBUG] Connection try finished.
2019-10-21 19:39:45.486 -03:00 [DEBUG] Pinpad connected. Initiating ping.
2019-10-21 19:39:45.488 -03:00 [DEBUG] Ping initiated.
2019-10-21 19:40:07.510 -03:00 [DEBUG] Initiating 'Cancel' flow.
2019-10-21 19:40:07.510 -03:00 [DEBUG] ATK to cancel: '39494705790845'.
2019-10-21 19:40:07.510 -03:00 [DEBUG] Amount to cancel: '0'.
2019-10-21 19:40:07.510 -03:00 [DEBUG] Sale Affiliation Key: '1D974FDF00D14370963E4FD5D50C2E58'.
2019-10-21 19:40:07.510 -03:00 [DEBUG] Cancelling the transaction.
2019-10-21 19:40:30.379 -03:00 [DEBUG] Activating StoneCode '185346049'.
2019-10-21 19:40:32.292 -03:00 [DEBUG] Activation success status: 'True'.
2019-10-21 19:40:32.292 -03:00 [DEBUG] Trying to connect to the first pinpad in the machine. ConnectionName: '' // EnableWifi: 'False' // MerchantEmail: ''.
2019-10-21 19:40:32.293 -03:00 [DEBUG] Trying to connect to the first pinpad available.
2019-10-21 19:40:32.432 -03:00 [DEBUG] Connection try finished.
2019-10-21 19:40:32.491 -03:00 [DEBUG] Pinpad connected. Initiating ping.
2019-10-21 19:40:32.495 -03:00 [DEBUG] Ping initiated.
2019-10-21 19:40:59.936 -03:00 [DEBUG] Initiating 'Cancel' flow.
2019-10-21 19:40:59.936 -03:00 [DEBUG] ATK to cancel: '39494705790845'.
2019-10-21 19:40:59.936 -03:00 [DEBUG] Amount to cancel: '0'.
2019-10-21 19:40:59.936 -03:00 [DEBUG] Sale Affiliation Key: '1D974FDF00D14370963E4FD5D50C2E58'.
2019-10-21 19:40:59.936 -03:00 [DEBUG] Cancelling the transaction.
2019-10-21 19:41:23.597 -03:00 [DEBUG] Activating StoneCode ''.
2019-10-21 19:41:36.006 -03:00 [DEBUG] Activating StoneCode '185346049'.
2019-10-21 19:41:37.861 -03:00 [DEBUG] Activation success status: 'True'.
2019-10-21 19:41:37.861 -03:00 [DEBUG] Trying to connect to the first pinpad in the machine. ConnectionName: '' // EnableWifi: 'False' // MerchantEmail: ''.
2019-10-21 19:41:37.862 -03:00 [DEBUG] Trying to connect to the first pinpad available.
2019-10-21 19:41:38.003 -03:00 [DEBUG] Connection try finished.
2019-10-21 19:41:38.063 -03:00 [DEBUG] Pinpad connected. Initiating ping.
2019-10-21 19:41:38.067 -03:00 [DEBUG] Ping initiated.
2019-10-21 19:41:48.831 -03:00 [DEBUG] Initiating 'Cancel' flow.
2019-10-21 19:41:48.831 -03:00 [DEBUG] ATK to cancel: '39494705790845'.
2019-10-21 19:41:48.832 -03:00 [DEBUG] Amount to cancel: '0'.
2019-10-21 19:41:48.832 -03:00 [DEBUG] Sale Affiliation Key: '1D974FDF00D14370963E4FD5D50C2E58'.
2019-10-21 19:41:48.832 -03:00 [DEBUG] Cancelling the transaction.
2019-10-21 19:42:26.959 -03:00 [DEBUG] Activating StoneCode '185346049'.
2019-10-21 19:42:28.998 -03:00 [DEBUG] Activation success status: 'True'.
2019-10-21 19:42:28.998 -03:00 [DEBUG] Trying to connect to the first pinpad in the machine. ConnectionName: '' // EnableWifi: 'False' // MerchantEmail: ''.
2019-10-21 19:42:28.999 -03:00 [DEBUG] Trying to connect to the first pinpad available.
2019-10-21 19:42:29.138 -03:00 [DEBUG] Connection try finished.
2019-10-21 19:42:29.202 -03:00 [DEBUG] Pinpad connected. Initiating ping.
2019-10-21 19:42:29.205 -03:00 [DEBUG] Ping initiated.
2019-10-21 19:42:42.961 -03:00 [DEBUG] Initiating 'Cancel' flow.
2019-10-21 19:42:42.961 -03:00 [DEBUG] ATK to cancel: '39494705790845'.
2019-10-21 19:42:42.962 -03:00 [DEBUG] Amount to cancel: '1.50'.
2019-10-21 19:42:42.962 -03:00 [DEBUG] Sale Affiliation Key: '1D974FDF00D14370963E4FD5D50C2E58'.
2019-10-21 19:42:42.962 -03:00 [DEBUG] Cancelling the transaction.
2019-10-21 19:42:43.988 -03:00 [DEBUG] Cancellation status: 'True'.
2019-10-21 19:42:43.989 -03:00 [DEBUG] Cancellation response code: ''.
2019-10-21 19:42:43.989 -03:00 [DEBUG] Finishing 'Cancel' flow.
2019-10-21 19:44:08.235 -03:00 [DEBUG] Initiating 'Authorize' flow.
2019-10-21 19:44:08.236 -03:00 [DEBUG] Initiator Transaction Key: '637742e8-3ce2-4edb-87a9-04d3b7d52a15'.
2019-10-21 19:44:08.237 -03:00 [DEBUG] Initiating 'ReadCard' flow.
2019-10-21 19:44:08.238 -03:00 [DEBUG] Performing card reading.
2019-10-21 19:44:40.071 -03:00 [DEBUG] Initiating 'Authorize' flow.
2019-10-21 19:44:40.071 -03:00 [DEBUG] Initiator Transaction Key: 'e7115e30-ac32-4c7e-8ca4-a932fd9b1ad4'.
2019-10-21 19:44:40.072 -03:00 [DEBUG] Initiating 'ReadCard' flow.
2019-10-21 19:44:40.072 -03:00 [DEBUG] Performing card reading.
2019-10-21 19:44:48.619 -03:00 [DEBUG] Card reading status: 'OperationCancelled'.
2019-10-21 19:44:48.668 -03:00 [DEBUG] Finishing 'ReadCard' flow.
2019-10-21 19:44:48.719 -03:00 [WARNING] Card reading returned status 'OperationCancelled' instead of success.
2019-10-21 19:45:20.952 -03:00 [DEBUG] Initiating 'Authorize' flow.
2019-10-21 19:45:20.952 -03:00 [DEBUG] Initiator Transaction Key: 'b7129a67-2604-4f6d-bead-1a5a2018f630'.
2019-10-21 19:45:20.952 -03:00 [DEBUG] Initiating 'ReadCard' flow.
2019-10-21 19:45:20.952 -03:00 [DEBUG] Performing card reading.
2019-10-21 19:45:30.906 -03:00 [DEBUG] Card reading status: 'Ok'.
2019-10-21 19:45:30.956 -03:00 [DEBUG] Finishing 'ReadCard' flow.
2019-10-21 19:45:30.956 -03:00 [DEBUG] Card reading returned success.
2019-10-21 19:45:30.957 -03:00 [DEBUG] Reading cardholder password.
2019-10-21 19:45:30.957 -03:00 [DEBUG] Initiating 'ReadPassword' flow.
2019-10-21 19:45:30.957 -03:00 [DEBUG] Reading cardholder password.
2019-10-21 19:45:38.635 -03:00 [DEBUG] Card reading status: 'OperationCancelled'.
2019-10-21 19:45:38.635 -03:00 [DEBUG] PIN not read because cardholder cancelled the transaction.
2019-10-21 19:45:38.636 -03:00 [ERROR] PIN not read due to unexpected error.
2019-10-21 19:45:38.686 -03:00 [DEBUG] Finishing 'ReadPassword' flow.
2019-10-21 19:45:38.736 -03:00 [WARNING] Password reading returned status 'OperationCancelled' instead of success.
2019-10-21 19:45:58.960 -03:00 [DEBUG] Initiating 'Authorize' flow.
2019-10-21 19:45:58.961 -03:00 [DEBUG] Initiator Transaction Key: 'd6231deb-9215-4e1d-aab2-158361e28d93'.
2019-10-21 19:45:58.961 -03:00 [DEBUG] Initiating 'ReadCard' flow.
2019-10-21 19:45:58.961 -03:00 [DEBUG] Performing card reading.
2019-10-21 19:46:05.034 -03:00 [DEBUG] Card reading status: 'Ok'.
2019-10-21 19:46:05.084 -03:00 [DEBUG] Finishing 'ReadCard' flow.
2019-10-21 19:46:05.085 -03:00 [DEBUG] Card reading returned success.
2019-10-21 19:46:05.085 -03:00 [DEBUG] Reading cardholder password.
2019-10-21 19:46:05.085 -03:00 [DEBUG] Initiating 'ReadPassword' flow.
2019-10-21 19:46:05.085 -03:00 [DEBUG] Reading cardholder password.
2019-10-21 19:46:07.604 -03:00 [DEBUG] Card reading status: 'OperationCancelled'.
2019-10-21 19:46:07.604 -03:00 [DEBUG] PIN not read because cardholder cancelled the transaction.
2019-10-21 19:46:07.605 -03:00 [ERROR] PIN not read due to unexpected error.
2019-10-21 19:46:07.655 -03:00 [DEBUG] Finishing 'ReadPassword' flow.
2019-10-21 19:46:07.704 -03:00 [WARNING] Password reading returned status 'OperationCancelled' instead of success.
2019-10-21 19:46:29.417 -03:00 [DEBUG] Initiating 'Authorize' flow.
2019-10-21 19:46:29.417 -03:00 [DEBUG] Initiator Transaction Key: '45c46ab3-576d-427a-84d6-5c9df64e39b4'.
2019-10-21 19:46:29.417 -03:00 [DEBUG] Initiating 'ReadCard' flow.
2019-10-21 19:46:29.417 -03:00 [DEBUG] Performing card reading.
2019-10-21 19:46:37.479 -03:00 [DEBUG] Card reading status: 'Ok'.
2019-10-21 19:46:37.530 -03:00 [DEBUG] Finishing 'ReadCard' flow.
2019-10-21 19:46:37.530 -03:00 [DEBUG] Card reading returned success.
2019-10-21 19:46:37.530 -03:00 [DEBUG] Reading cardholder password.
2019-10-21 19:46:37.530 -03:00 [DEBUG] Initiating 'ReadPassword' flow.
2019-10-21 19:46:37.530 -03:00 [DEBUG] Reading cardholder password.
2019-10-21 19:46:44.321 -03:00 [DEBUG] Card reading status: 'Ok'.
2019-10-21 19:46:44.371 -03:00 [DEBUG] Finishing 'ReadPassword' flow.
2019-10-21 19:46:44.371 -03:00 [DEBUG] Sending the transaction to Stone Payments authorizer.
2019-10-21 19:46:44.372 -03:00 [DEBUG] Initiating 'SendAuthorizationAndGetReport' flow.
2019-10-21 19:46:44.372 -03:00 [DEBUG] Initiator Transaction Key: '45c46ab3-576d-427a-84d6-5c9df64e39b4'.
2019-10-21 19:46:44.372 -03:00 [DEBUG] Creating the transaction entry, containing all information about the transaction.
2019-10-21 19:46:44.422 -03:00 [DEBUG] Sending the transaction to Stone Payments authorizer.
2019-10-21 19:46:46.286 -03:00 [DEBUG] Transaction status: 'True'.
2019-10-21 19:46:46.286 -03:00 [DEBUG] Response Code: ''.
2019-10-21 19:46:46.286 -03:00 [DEBUG] Response Reason: ''.
2019-10-21 19:46:46.286 -03:00 [DEBUG] Acquirer Transaction Key (ATK): '39494705869114'.
2019-10-21 19:46:46.290 -03:00 [DEBUG] Sending FNC to the EMV module.
2019-10-21 19:46:46.684 -03:00 [DEBUG] Transaction approved!
2019-10-21 19:46:46.685 -03:00 [DEBUG] Waiting for card removal.
2019-10-21 19:46:46.685 -03:00 [DEBUG] Initiating 'PromptForCardRemoval' flow.
2019-10-21 19:46:50.595 -03:00 [DEBUG] Finishing 'PromptForCardRemoval' flow.
2019-10-21 19:46:50.596 -03:00 [DEBUG] Printing receipt (if the pinpad supports it).
2019-10-21 19:46:50.597 -03:00 [DEBUG] Finishing 'SendAuthorizationAndGetReport' flow.
2019-10-21 19:46:50.597 -03:00 [DEBUG] Finishing 'Authorize' flow.
2019-10-21 19:47:36.240 -03:00 [DEBUG] Initiating 'Cancel' flow.
2019-10-21 19:47:36.241 -03:00 [DEBUG] ATK to cancel: '39494705869114'.
2019-10-21 19:47:36.241 -03:00 [DEBUG] Amount to cancel: '1.12'.
2019-10-21 19:47:36.241 -03:00 [DEBUG] Sale Affiliation Key: '1D974FDF00D14370963E4FD5D50C2E58'.
2019-10-21 19:47:36.241 -03:00 [DEBUG] Cancelling the transaction.
2019-10-21 19:47:36.733 -03:00 [DEBUG] Cancellation status: 'True'.
2019-10-21 19:47:36.733 -03:00 [DEBUG] Cancellation response code: ''.
2019-10-21 19:47:36.733 -03:00 [DEBUG] Finishing 'Cancel' flow.
